Fri Mar 08 06:32:23 UTC 2024 - Executing "{openroad -exit -no_init -python /openlane/scripts/odbpy/lefutil.py get_metal_layers -o /work/runs/wokwi/tmp/layers.list /opt/tt/pdk/sky130A/libs.ref/sky130_fd_sc_hd/techlef/sky130_fd_sc_hd__nom.tlef}"

Fri Mar 08 06:32:23 UTC 2024 - Executing "{/openlane/scripts/mergeLef.py -o /work/runs/wokwi/tmp/merged.nom.lef -i /opt/tt/pdk/sky130A/libs.ref/sky130_fd_sc_hd/techlef/sky130_fd_sc_hd__nom.tlef {/opt/tt/pdk/sky130A/libs.ref/sky130_fd_sc_hd/lef/sky130_fd_sc_hd.lef /opt/tt/pdk/sky130A/libs.ref/sky130_fd_sc_hd/lef/sky130_ef_sc_hd.lef} |& tee /dev/null}"

Fri Mar 08 06:32:23 UTC 2024 - Executing "{/openlane/scripts/mergeLef.py -o /work/runs/wokwi/tmp/merged.min.lef -i /opt/tt/pdk/sky130A/libs.ref/sky130_fd_sc_hd/techlef/sky130_fd_sc_hd__min.tlef {/opt/tt/pdk/sky130A/libs.ref/sky130_fd_sc_hd/lef/sky130_fd_sc_hd.lef /opt/tt/pdk/sky130A/libs.ref/sky130_fd_sc_hd/lef/sky130_ef_sc_hd.lef} |& tee /dev/null}"

Fri Mar 08 06:32:23 UTC 2024 - Executing "{/openlane/scripts/mergeLef.py -o /work/runs/wokwi/tmp/merged.max.lef -i /opt/tt/pdk/sky130A/libs.ref/sky130_fd_sc_hd/techlef/sky130_fd_sc_hd__max.tlef {/opt/tt/pdk/sky130A/libs.ref/sky130_fd_sc_hd/lef/sky130_fd_sc_hd.lef /opt/tt/pdk/sky130A/libs.ref/sky130_fd_sc_hd/lef/sky130_ef_sc_hd.lef} |& tee /dev/null}"

Fri Mar 08 06:32:23 UTC 2024 - Executing "{python3 /openlane/scripts/mergeLib.py --output /work/runs/wokwi/tmp/synthesis/merged.lib --name sky130A_merged /opt/tt/pdk/sky130A/libs.ref/sky130_fd_sc_hd/lib/sky130_fd_sc_hd__tt_025C_1v80.lib}"

Fri Mar 08 06:32:23 UTC 2024 - Executing "{python3 /openlane/scripts/libtrim.py --cell-file /work/runs/wokwi/tmp/synthesis/trimmed.lib.exclude.list --output /work/runs/wokwi/tmp/synthesis/trimmed.lib /work/runs/wokwi/tmp/synthesis/merged.lib}"

Fri Mar 08 06:32:24 UTC 2024 - Executing "{python3 /openlane/scripts/libtrim.py --cell-file /work/runs/wokwi/tmp/cts/cts.lib.exclude.list --output /work/runs/wokwi/tmp/cts/cts.lib /opt/tt/pdk/sky130A/libs.ref/sky130_fd_sc_hd/lib/sky130_fd_sc_hd__tt_025C_1v80.lib}"

Fri Mar 08 06:32:24 UTC 2024 - Executing "{python3 /openlane/scripts/libtrim.py --cell-file /work/runs/wokwi/tmp/cts/cts-fastest.lib.exclude.list --output /work/runs/wokwi/tmp/cts/cts-fastest.lib /opt/tt/pdk/sky130A/libs.ref/sky130_fd_sc_hd/lib/sky130_fd_sc_hd__ff_n40C_1v95.lib}"

Fri Mar 08 06:32:25 UTC 2024 - Executing "{python3 /openlane/scripts/libtrim.py --cell-file /work/runs/wokwi/tmp/cts/cts-slowest.lib.exclude.list --output /work/runs/wokwi/tmp/cts/cts-slowest.lib /opt/tt/pdk/sky130A/libs.ref/sky130_fd_sc_hd/lib/sky130_fd_sc_hd__ss_100C_1v60.lib}"

Fri Mar 08 06:32:25 UTC 2024 - Executing "{python3 /openlane/scripts/new_tracks.py -i /opt/tt/pdk/sky130A/libs.tech/openlane/sky130_fd_sc_hd/tracks.info -o /work/runs/wokwi/tmp/routing/config.tracks}"

Fri Mar 08 06:32:25 UTC 2024 - Executing "{echo {OpenLane f691c8c0712ca6c6645e3fd548985b3cbcf08c78} > /work/runs/wokwi/OPENLANE_VERSION}"

Fri Mar 08 06:32:26 UTC 2024 - Executing "{yosys -c /openlane/scripts/yosys/blackbox.tcl}"

Fri Mar 08 06:32:26 UTC 2024 - Executing "{verilator -Wall --lint-only --Wno-DECLFILENAME --top-module tt_um_example /work/runs/wokwi/tmp/synthesis/blackbox/sky130_fd_sc_hd__blackbox.v /work/src/project.v -Wno-fatal --relative-includes |& tee /work/runs/wokwi/logs/synthesis/linter.log /dev/null}"

Fri Mar 08 06:32:26 UTC 2024 - Executing "{sed -E {s/^([[:space:]]+)pg_pin(.*)/\1pin\2\n\1    direction : "inout";/g} /opt/tt/pdk/sky130A/libs.ref/sky130_fd_sc_hd/lib/sky130_fd_sc_hd__tt_025C_1v80.lib > /work/runs/wokwi/tmp/synthesis/1-sky130_fd_sc_hd__tt_025C_1v80.no_pg.lib}"

Fri Mar 08 06:32:26 UTC 2024 - Executing "{sed -E {s/^([[:space:]]+)pg_pin(.*)/\1pin\2\n\1    direction : "inout";/g} /work/runs/wokwi/tmp/synthesis/trimmed.lib > /work/runs/wokwi/tmp/synthesis/1-trimmed.no_pg.lib}"

Fri Mar 08 06:32:26 UTC 2024 - Executing "yosys -c /openlane/scripts/yosys/synth.tcl |& tee /dev/null /work/runs/wokwi/logs/synthesis/1-synthesis.log"

Fri Mar 08 06:32:26 UTC 2024 - Executing "{yosys -c /openlane/scripts/yosys/synth.tcl |& tee /dev/null /work/runs/wokwi/logs/synthesis/1-synthesis.log}"

Fri Mar 08 06:32:27 UTC 2024 - Executing "{sed -i.bak -e {s/\(set ::env(CURRENT_NETLIST)\).*/\1 \/work\/runs\/wokwi\/results\/synthesis\/tt_um_example.v/} /work/runs/wokwi/config.tcl}"

Fri Mar 08 06:32:27 UTC 2024 - Executing "{sed -i.bak /defparam/d /work/runs/wokwi/results/synthesis/tt_um_example.v}"

Fri Mar 08 06:32:27 UTC 2024 - Executing "sta -exit -no_init /openlane/scripts/openroad/sta/multi_corner.tcl |& tee /dev/null /work/runs/wokwi/logs/synthesis/2-sta.log"

Fri Mar 08 06:32:27 UTC 2024 - Executing "{sta -exit -no_init /openlane/scripts/openroad/sta/multi_corner.tcl |& tee /dev/null /work/runs/wokwi/logs/synthesis/2-sta.log}"

Fri Mar 08 06:32:28 UTC 2024 - Executing "openroad -exit /openlane/scripts/openroad/floorplan.tcl |& tee /dev/null /work/runs/wokwi/logs/floorplan/3-initial_fp.log"

Fri Mar 08 06:32:28 UTC 2024 - Executing "{openroad -exit /openlane/scripts/openroad/floorplan.tcl |& tee /dev/null /work/runs/wokwi/logs/floorplan/3-initial_fp.log}"

Fri Mar 08 06:32:28 UTC 2024 - Executing "{openroad -exit -no_init -python /openlane/scripts/odbpy/snap_to_grid.py --output /work/runs/wokwi/tmp/floorplan/3-minimized_pdn.txt --input-lef /work/runs/wokwi/tmp/merged.nom.lef 19.435000000000002 13.26 38.870000000000005 26.52}"

Fri Mar 08 06:32:28 UTC 2024 - Executing "{openroad -exit -no_init -python /openlane/scripts/odbpy/defutil.py extract_core_dims --output-data /work/runs/wokwi/tmp/dimensions.txt --input-lef /work/runs/wokwi/tmp/merged.nom.lef /work/runs/wokwi/tmp/floorplan/3-initial_fp.def}"

Fri Mar 08 06:32:29 UTC 2024 - Executing "openroad -exit /openlane/scripts/openroad/ioplacer.tcl |& tee /dev/null /work/runs/wokwi/logs/floorplan/4-io.log"

Fri Mar 08 06:32:29 UTC 2024 - Executing "{openroad -exit /openlane/scripts/openroad/ioplacer.tcl |& tee /dev/null /work/runs/wokwi/logs/floorplan/4-io.log}"

Fri Mar 08 06:32:29 UTC 2024 - Executing "{openroad -exit -no_init -python /openlane/scripts/odbpy/apply_def_template.py --def-template /work/src/../tt/def/tt_block_1x1_pg.def --input-lef /work/runs/wokwi/tmp/merged.nom.lef --output-def /work/runs/wokwi/tmp/floorplan/4-io.def --output /work/runs/wokwi/tmp/floorplan/4-io.odb /work/runs/wokwi/tmp/floorplan/4-io.odb |& tee /dev/null /work/runs/wokwi/logs/floorplan/4-apply_def_template.log}"

Fri Mar 08 06:32:29 UTC 2024 - Executing "openroad -exit /openlane/scripts/openroad/tapcell.tcl |& tee /dev/null /work/runs/wokwi/logs/floorplan/5-tap.log"

Fri Mar 08 06:32:29 UTC 2024 - Executing "{openroad -exit /openlane/scripts/openroad/tapcell.tcl |& tee /dev/null /work/runs/wokwi/logs/floorplan/5-tap.log}"

Fri Mar 08 06:32:30 UTC 2024 - Executing "openroad -exit /openlane/scripts/openroad/pdn.tcl |& tee /dev/null /work/runs/wokwi/logs/floorplan/6-pdn.log"

Fri Mar 08 06:32:30 UTC 2024 - Executing "{openroad -exit /openlane/scripts/openroad/pdn.tcl |& tee /dev/null /work/runs/wokwi/logs/floorplan/6-pdn.log}"

Fri Mar 08 06:32:30 UTC 2024 - Executing "openroad -exit /openlane/scripts/openroad/gpl.tcl |& tee /dev/null /work/runs/wokwi/logs/placement/7-global.log"

Fri Mar 08 06:32:31 UTC 2024 - Executing "{openroad -exit /openlane/scripts/openroad/gpl.tcl |& tee /dev/null /work/runs/wokwi/logs/placement/7-global.log}"

Fri Mar 08 06:32:31 UTC 2024 - Executing "{sed -i.bak -e {s/\(set ::env(CURRENT_NETLIST)\).*/\1 \/work\/runs\/wokwi\/tmp\/placement\/7-global.nl.v/} /work/runs/wokwi/config.tcl}"

Fri Mar 08 06:32:31 UTC 2024 - Executing "openroad -exit /openlane/scripts/openroad/sta/multi_corner.tcl |& tee /dev/null /work/runs/wokwi/logs/placement/8-gpl_sta.log"

Fri Mar 08 06:32:31 UTC 2024 - Executing "{openroad -exit /openlane/scripts/openroad/sta/multi_corner.tcl |& tee /dev/null /work/runs/wokwi/logs/placement/8-gpl_sta.log}"

Fri Mar 08 06:32:32 UTC 2024 - Executing "openroad -exit /openlane/scripts/openroad/resizer.tcl |& tee /dev/null /work/runs/wokwi/logs/placement/9-resizer.log"

Fri Mar 08 06:32:32 UTC 2024 - Executing "{openroad -exit /openlane/scripts/openroad/resizer.tcl |& tee /dev/null /work/runs/wokwi/logs/placement/9-resizer.log}"

Fri Mar 08 06:32:33 UTC 2024 - Executing "{sed -i.bak -e {s/\(set ::env(CURRENT_NETLIST)\).*/\1 \/work\/runs\/wokwi\/tmp\/placement\/9-resizer.nl.v/} /work/runs/wokwi/config.tcl}"

Fri Mar 08 06:32:33 UTC 2024 - Executing "openroad -exit /openlane/scripts/openroad/dpl.tcl |& tee /dev/null /work/runs/wokwi/logs/placement/10-detailed.log"

Fri Mar 08 06:32:33 UTC 2024 - Executing "{openroad -exit /openlane/scripts/openroad/dpl.tcl |& tee /dev/null /work/runs/wokwi/logs/placement/10-detailed.log}"

Fri Mar 08 06:32:33 UTC 2024 - Executing "{sed -i.bak -e {s/\(set ::env(CURRENT_NETLIST)\).*/\1 \/work\/runs\/wokwi\/results\/placement\/tt_um_example.nl.v/} /work/runs/wokwi/config.tcl}"

Fri Mar 08 06:32:34 UTC 2024 - Executing "openroad -exit /openlane/scripts/openroad/sta/multi_corner.tcl |& tee /dev/null /work/runs/wokwi/logs/placement/11-dpl_sta.log"

Fri Mar 08 06:32:34 UTC 2024 - Executing "{openroad -exit /openlane/scripts/openroad/sta/multi_corner.tcl |& tee /dev/null /work/runs/wokwi/logs/placement/11-dpl_sta.log}"

Fri Mar 08 06:32:34 UTC 2024 - Executing "openroad -exit /openlane/scripts/openroad/cts.tcl |& tee /dev/null /work/runs/wokwi/logs/cts/12-cts.log"

Fri Mar 08 06:32:34 UTC 2024 - Executing "{openroad -exit /openlane/scripts/openroad/cts.tcl |& tee /dev/null /work/runs/wokwi/logs/cts/12-cts.log}"

Fri Mar 08 06:32:50 UTC 2024 - Executing "openroad -exit /openlane/scripts/openroad/sta/multi_corner.tcl |& tee /dev/null /work/runs/wokwi/logs/cts/13-cts_sta.log"

Fri Mar 08 06:32:50 UTC 2024 - Executing "{openroad -exit /openlane/scripts/openroad/sta/multi_corner.tcl |& tee /dev/null /work/runs/wokwi/logs/cts/13-cts_sta.log}"

Fri Mar 08 06:32:50 UTC 2024 - Executing "openroad -exit /openlane/scripts/openroad/resizer_timing.tcl |& tee /dev/null /work/runs/wokwi/logs/cts/14-resizer.log"

Fri Mar 08 06:32:50 UTC 2024 - Executing "{openroad -exit /openlane/scripts/openroad/resizer_timing.tcl |& tee /dev/null /work/runs/wokwi/logs/cts/14-resizer.log}"

Fri Mar 08 06:32:51 UTC 2024 - Executing "{sed -i.bak -e {s/\(set ::env(CURRENT_NETLIST)\).*/\1 \/work\/runs\/wokwi\/tmp\/cts\/14-tt_um_example.resized.nl.v/} /work/runs/wokwi/config.tcl}"

Fri Mar 08 06:32:52 UTC 2024 - Executing "openroad -exit /openlane/scripts/openroad/resizer_routing_design.tcl |& tee /dev/null /work/runs/wokwi/logs/routing/15-resizer_design.log"

Fri Mar 08 06:32:52 UTC 2024 - Executing "{openroad -exit /openlane/scripts/openroad/resizer_routing_design.tcl |& tee /dev/null /work/runs/wokwi/logs/routing/15-resizer_design.log}"

Fri Mar 08 06:32:53 UTC 2024 - Executing "{sed -i.bak -e {s/\(set ::env(CURRENT_NETLIST)\).*/\1 \/work\/runs\/wokwi\/tmp\/15-tt_um_example.nl.v/} /work/runs/wokwi/config.tcl}"

Fri Mar 08 06:32:53 UTC 2024 - Executing "openroad -exit /openlane/scripts/openroad/sta/multi_corner.tcl |& tee /dev/null /work/runs/wokwi/logs/routing/16-rsz_design_sta.log"

Fri Mar 08 06:32:53 UTC 2024 - Executing "{openroad -exit /openlane/scripts/openroad/sta/multi_corner.tcl |& tee /dev/null /work/runs/wokwi/logs/routing/16-rsz_design_sta.log}"

Fri Mar 08 06:32:53 UTC 2024 - Executing "openroad -exit /openlane/scripts/openroad/resizer_routing_timing.tcl |& tee /dev/null /work/runs/wokwi/logs/routing/17-resizer_timing.log"

Fri Mar 08 06:32:53 UTC 2024 - Executing "{openroad -exit /openlane/scripts/openroad/resizer_routing_timing.tcl |& tee /dev/null /work/runs/wokwi/logs/routing/17-resizer_timing.log}"

Fri Mar 08 06:32:54 UTC 2024 - Executing "{sed -i.bak -e {s/\(set ::env(CURRENT_NETLIST)\).*/\1 \/work\/runs\/wokwi\/tmp\/17-tt_um_example.nl.v/} /work/runs/wokwi/config.tcl}"

Fri Mar 08 06:32:55 UTC 2024 - Executing "openroad -exit /openlane/scripts/openroad/sta/multi_corner.tcl |& tee /dev/null /work/runs/wokwi/logs/routing/18-rsz_timing_sta.log"

Fri Mar 08 06:32:55 UTC 2024 - Executing "{openroad -exit /openlane/scripts/openroad/sta/multi_corner.tcl |& tee /dev/null /work/runs/wokwi/logs/routing/18-rsz_timing_sta.log}"

Fri Mar 08 06:32:55 UTC 2024 - Executing "openroad -exit /openlane/scripts/openroad/repair_antennas.tcl |& tee /dev/null /work/runs/wokwi/logs/routing/19-global.log"

Fri Mar 08 06:32:55 UTC 2024 - Executing "{openroad -exit /openlane/scripts/openroad/repair_antennas.tcl |& tee /dev/null /work/runs/wokwi/logs/routing/19-global.log}"

Fri Mar 08 06:32:55 UTC 2024 - Executing "openroad -exit /openlane/scripts/openroad/write_views.tcl |& tee /dev/null /work/runs/wokwi/logs/routing/19-global_write_netlist.log"

Fri Mar 08 06:32:55 UTC 2024 - Executing "{openroad -exit /openlane/scripts/openroad/write_views.tcl |& tee /dev/null /work/runs/wokwi/logs/routing/19-global_write_netlist.log}"

Fri Mar 08 06:32:56 UTC 2024 - Executing "{sed -i.bak -e {s/\(set ::env(CURRENT_NETLIST)\).*/\1 \/work\/runs\/wokwi\/tmp\/routing\/global.nl.v/} /work/runs/wokwi/config.tcl}"

Fri Mar 08 06:32:56 UTC 2024 - Executing "openroad -exit /openlane/scripts/openroad/sta/multi_corner.tcl |& tee /dev/null /work/runs/wokwi/logs/routing/21-grt_sta.log"

Fri Mar 08 06:32:56 UTC 2024 - Executing "{openroad -exit /openlane/scripts/openroad/sta/multi_corner.tcl |& tee /dev/null /work/runs/wokwi/logs/routing/21-grt_sta.log}"

Fri Mar 08 06:32:56 UTC 2024 - Executing "openroad -exit /openlane/scripts/openroad/fill.tcl |& tee /dev/null /work/runs/wokwi/logs/routing/22-fill.log"

Fri Mar 08 06:32:56 UTC 2024 - Executing "{openroad -exit /openlane/scripts/openroad/fill.tcl |& tee /dev/null /work/runs/wokwi/logs/routing/22-fill.log}"

Fri Mar 08 06:32:57 UTC 2024 - Executing "{sed -i.bak -e {s/\(set ::env(CURRENT_NETLIST)\).*/\1 \/work\/runs\/wokwi\/tmp\/routing\/22-fill.nl.v/} /work/runs/wokwi/config.tcl}"

Fri Mar 08 06:32:57 UTC 2024 - Executing "openroad -exit -metrics /work/runs/wokwi/reports/routing/23-drt_metrics.json /openlane/scripts/openroad/droute.tcl |& tee /dev/null /work/runs/wokwi/logs/routing/23-detailed.log"

Fri Mar 08 06:32:57 UTC 2024 - Executing "{openroad -exit -metrics /work/runs/wokwi/reports/routing/23-drt_metrics.json /openlane/scripts/openroad/droute.tcl |& tee /dev/null /work/runs/wokwi/logs/routing/23-detailed.log}"

Fri Mar 08 06:32:58 UTC 2024 - Executing "{sed -i.bak -e {s/\(set ::env(CURRENT_NETLIST)\).*/\1 \/work\/runs\/wokwi\/results\/routing\/tt_um_example.nl.v/} /work/runs/wokwi/config.tcl}"

Fri Mar 08 06:32:58 UTC 2024 - Executing "{python3 /openlane/scripts/drc_rosetta.py tr to_klayout -o /work/runs/wokwi/reports/routing/drt.klayout.xml --design-name tt_um_example /work/runs/wokwi/reports/routing/drt.drc}"

Fri Mar 08 06:32:58 UTC 2024 - Executing "{openroad -exit -no_init -python /openlane/scripts/odbpy/wire_lengths.py --report-out /work/runs/wokwi/reports/routing/24-wire_lengths.csv --input-lef /work/runs/wokwi/tmp/merged.nom.lef --output-def /dev/null --output /work/runs/wokwi/results/routing/tt_um_example.odb /work/runs/wokwi/results/routing/tt_um_example.odb |& tee /dev/null /work/runs/wokwi/logs/routing/24-wire_lengths.log}"

Fri Mar 08 06:32:58 UTC 2024 - Executing "openroad -exit /openlane/scripts/openroad/rcx.tcl |& tee /dev/null /work/runs/wokwi/logs/signoff/25-parasitics_extraction.min.log"

Fri Mar 08 06:32:58 UTC 2024 - Executing "{openroad -exit /openlane/scripts/openroad/rcx.tcl |& tee /dev/null /work/runs/wokwi/logs/signoff/25-parasitics_extraction.min.log}"

Fri Mar 08 06:32:59 UTC 2024 - Executing "sta -exit -no_init /openlane/scripts/openroad/sta/multi_corner.tcl |& tee /dev/null /work/runs/wokwi/logs/signoff/26-rcx_mcsta.min.log"

Fri Mar 08 06:32:59 UTC 2024 - Executing "{sta -exit -no_init /openlane/scripts/openroad/sta/multi_corner.tcl |& tee /dev/null /work/runs/wokwi/logs/signoff/26-rcx_mcsta.min.log}"

Fri Mar 08 06:33:00 UTC 2024 - Executing "openroad -exit /openlane/scripts/openroad/rcx.tcl |& tee /dev/null /work/runs/wokwi/logs/signoff/27-parasitics_extraction.max.log"

Fri Mar 08 06:33:00 UTC 2024 - Executing "{openroad -exit /openlane/scripts/openroad/rcx.tcl |& tee /dev/null /work/runs/wokwi/logs/signoff/27-parasitics_extraction.max.log}"

Fri Mar 08 06:33:00 UTC 2024 - Executing "sta -exit -no_init /openlane/scripts/openroad/sta/multi_corner.tcl |& tee /dev/null /work/runs/wokwi/logs/signoff/28-rcx_mcsta.max.log"

Fri Mar 08 06:33:00 UTC 2024 - Executing "{sta -exit -no_init /openlane/scripts/openroad/sta/multi_corner.tcl |& tee /dev/null /work/runs/wokwi/logs/signoff/28-rcx_mcsta.max.log}"

Fri Mar 08 06:33:01 UTC 2024 - Executing "openroad -exit /openlane/scripts/openroad/rcx.tcl |& tee /dev/null /work/runs/wokwi/logs/signoff/29-parasitics_extraction.nom.log"

Fri Mar 08 06:33:01 UTC 2024 - Executing "{openroad -exit /openlane/scripts/openroad/rcx.tcl |& tee /dev/null /work/runs/wokwi/logs/signoff/29-parasitics_extraction.nom.log}"

Fri Mar 08 06:33:01 UTC 2024 - Executing "sta -exit -no_init /openlane/scripts/openroad/sta/multi_corner.tcl |& tee /dev/null /work/runs/wokwi/logs/signoff/30-rcx_mcsta.nom.log"

Fri Mar 08 06:33:01 UTC 2024 - Executing "{sta -exit -no_init /openlane/scripts/openroad/sta/multi_corner.tcl |& tee /dev/null /work/runs/wokwi/logs/signoff/30-rcx_mcsta.nom.log}"

Fri Mar 08 06:33:03 UTC 2024 - Executing "openroad -exit /openlane/scripts/openroad/irdrop.tcl |& tee /dev/null /work/runs/wokwi/logs/signoff/31-irdrop.log"

Fri Mar 08 06:33:03 UTC 2024 - Executing "{openroad -exit /openlane/scripts/openroad/irdrop.tcl |& tee /dev/null /work/runs/wokwi/logs/signoff/31-irdrop.log}"

Fri Mar 08 06:33:04 UTC 2024 - Executing "magic -noconsole -dnull -rcfile /opt/tt/pdk/sky130A/libs.tech/magic/sky130A.magicrc < /openlane/scripts/magic/wrapper.tcl |& tee /dev/null /work/runs/wokwi/logs/signoff/32-gdsii.log"

Fri Mar 08 06:33:04 UTC 2024 - Executing "{magic -noconsole -dnull -rcfile /opt/tt/pdk/sky130A/libs.tech/magic/sky130A.magicrc < /openlane/scripts/magic/wrapper.tcl |& tee /dev/null /work/runs/wokwi/logs/signoff/32-gdsii.log}"

Fri Mar 08 06:33:04 UTC 2024 - Executing "magic -noconsole -dnull -rcfile /opt/tt/pdk/sky130A/libs.tech/magic/sky130A.magicrc < /openlane/scripts/magic/wrapper.tcl |& tee /dev/null /work/runs/wokwi/logs/signoff/32-gds_ptrs.log"

Fri Mar 08 06:33:04 UTC 2024 - Executing "{magic -noconsole -dnull -rcfile /opt/tt/pdk/sky130A/libs.tech/magic/sky130A.magicrc < /openlane/scripts/magic/wrapper.tcl |& tee /dev/null /work/runs/wokwi/logs/signoff/32-gds_ptrs.log}"

Fri Mar 08 06:33:04 UTC 2024 - Executing "{sed -i.bak -n {/^<< properties >>/,/^<< end >>/p} /work/runs/wokwi/tmp/signoff/gds_ptrs.mag}"

Fri Mar 08 06:33:04 UTC 2024 - Executing "magic -noconsole -dnull -rcfile /opt/tt/pdk/sky130A/libs.tech/magic/sky130A.magicrc < /openlane/scripts/magic/wrapper.tcl |& tee /dev/null /work/runs/wokwi/logs/signoff/32-lef.log"

Fri Mar 08 06:33:04 UTC 2024 - Executing "{magic -noconsole -dnull -rcfile /opt/tt/pdk/sky130A/libs.tech/magic/sky130A.magicrc < /openlane/scripts/magic/wrapper.tcl |& tee /dev/null /work/runs/wokwi/logs/signoff/32-lef.log}"

Fri Mar 08 06:33:05 UTC 2024 - Executing "magic -noconsole -dnull -rcfile /opt/tt/pdk/sky130A/libs.tech/magic/sky130A.magicrc < /openlane/scripts/magic/wrapper.tcl |& tee /dev/null /work/runs/wokwi/logs/signoff/32-maglef.log"

Fri Mar 08 06:33:05 UTC 2024 - Executing "{magic -noconsole -dnull -rcfile /opt/tt/pdk/sky130A/libs.tech/magic/sky130A.magicrc < /openlane/scripts/magic/wrapper.tcl |& tee /dev/null /work/runs/wokwi/logs/signoff/32-maglef.log}"

Fri Mar 08 06:33:05 UTC 2024 - Executing "{python3 /openlane/scripts/klayout/stream_out.py --output /work/runs/wokwi/results/signoff/tt_um_example.klayout.gds --lyt /opt/tt/pdk/sky130A/libs.tech/klayout/tech/sky130A.lyt --lym /opt/tt/pdk/sky130A/libs.tech/klayout/tech/sky130A.map --lyp /opt/tt/pdk/sky130A/libs.tech/klayout/tech/sky130A.lyp --top tt_um_example --with-gds-file /opt/tt/pdk/sky130A/libs.ref/sky130_fd_sc_hd/gds/sky130_fd_sc_hd.gds --input-lef /work/runs/wokwi/tmp/merged.nom.lef /work/runs/wokwi/results/routing/tt_um_example.def |& tee /dev/null /work/runs/wokwi/logs/signoff/33-gdsii-klayout.log}"

Fri Mar 08 06:33:05 UTC 2024 - Executing "magic -noconsole -dnull -rcfile /opt/tt/pdk/sky130A/libs.tech/magic/sky130A.magicrc < /openlane/scripts/magic/wrapper.tcl |& tee /dev/null /work/runs/wokwi/logs/signoff/34-spice.log"

Fri Mar 08 06:33:05 UTC 2024 - Executing "{magic -noconsole -dnull -rcfile /opt/tt/pdk/sky130A/libs.tech/magic/sky130A.magicrc < /openlane/scripts/magic/wrapper.tcl |& tee /dev/null /work/runs/wokwi/logs/signoff/34-spice.log}"

Fri Mar 08 06:33:06 UTC 2024 - Executing "{openroad -exit -no_init -python /openlane/scripts/odbpy/power_utils.py write_powered_def --output /work/runs/wokwi/tmp/signoff/34-tt_um_example.p.def --input-lef /work/runs/wokwi/tmp/merged.nom.lef --power-port VPWR --ground-port VGND --powered-netlist {} /work/runs/wokwi/results/routing/tt_um_example.def |& tee /dev/null /work/runs/wokwi/logs/signoff/35-write_powered_def.log}"

Fri Mar 08 06:33:06 UTC 2024 - Executing "openroad -exit /openlane/scripts/openroad/write_views.tcl |& tee /dev/null /work/runs/wokwi/logs/signoff/35-write_powered_verilog.log"

Fri Mar 08 06:33:06 UTC 2024 - Executing "{openroad -exit /openlane/scripts/openroad/write_views.tcl |& tee /dev/null /work/runs/wokwi/logs/signoff/35-write_powered_verilog.log}"

Fri Mar 08 06:33:07 UTC 2024 - Executing "{sed -i.bak -e {s/\(set ::env(CURRENT_NETLIST)\).*/\1 \/work\/runs\/wokwi\/tmp\/signoff\/34-tt_um_example.nl.v/} /work/runs/wokwi/config.tcl}"

Fri Mar 08 06:33:07 UTC 2024 - Executing "{netgen -batch source /work/runs/wokwi/tmp/signoff/37-setup_file.lef.lvs |& tee /dev/null /work/runs/wokwi/logs/signoff/37-lvs.lef.log}"

Fri Mar 08 06:33:07 UTC 2024 - Executing "magic -noconsole -dnull -rcfile /opt/tt/pdk/sky130A/libs.tech/magic/sky130A.magicrc < /openlane/scripts/magic/wrapper.tcl |& tee /dev/null /work/runs/wokwi/logs/signoff/38-drc.log"

Fri Mar 08 06:33:07 UTC 2024 - Executing "{magic -noconsole -dnull -rcfile /opt/tt/pdk/sky130A/libs.tech/magic/sky130A.magicrc < /openlane/scripts/magic/wrapper.tcl |& tee /dev/null /work/runs/wokwi/logs/signoff/38-drc.log}"

Fri Mar 08 06:33:08 UTC 2024 - Executing "{python3 /openlane/scripts/drc_rosetta.py magic to_tcl -o /work/runs/wokwi/reports/signoff/drc.tcl /work/runs/wokwi/reports/signoff/drc.rpt}"

Fri Mar 08 06:33:08 UTC 2024 - Executing "{python3 /openlane/scripts/drc_rosetta.py magic to_tr -o /work/runs/wokwi/reports/signoff/drc.tr /work/runs/wokwi/reports/signoff/drc.rpt}"

Fri Mar 08 06:33:08 UTC 2024 - Executing "{python3 /openlane/scripts/drc_rosetta.py tr to_klayout -o /work/runs/wokwi/reports/signoff/drc.klayout.xml --design-name tt_um_example /work/runs/wokwi/reports/signoff/drc.tr}"

Fri Mar 08 06:33:08 UTC 2024 - Executing "{python3 /openlane/scripts/drc_rosetta.py magic to_rdb -o /work/runs/wokwi/reports/signoff/drc.rdb /work/runs/wokwi/reports/signoff/drc.rpt}"

Fri Mar 08 06:33:08 UTC 2024 - Executing "openroad -exit /openlane/scripts/openroad/antenna_check.tcl |& tee /dev/null /work/runs/wokwi/logs/signoff/39-arc.log"

Fri Mar 08 06:33:08 UTC 2024 - Executing "{openroad -exit /openlane/scripts/openroad/antenna_check.tcl |& tee /dev/null /work/runs/wokwi/logs/signoff/39-arc.log}"

Fri Mar 08 06:33:09 UTC 2024 - Executing "{python3 /openlane/scripts/extract_antenna_violators.py --output /work/runs/wokwi/reports/signoff/39-antenna_violators.rpt --plain-out /work/runs/wokwi/reports/signoff/39-antenna_violators_pins.txt /work/runs/wokwi/logs/signoff/39-arc.log}"

Fri Mar 08 06:33:09 UTC 2024 - Executing "{python3 /openlane/scripts/write_runtime.py --conclude --seconds --time-in 1709879589 {flow completed}}"

Fri Mar 08 06:33:09 UTC 2024 - Executing "{python3 /openlane/scripts/generate_reports.py -d /work/src --design_name tt_um_example --tag wokwi --output_file /work/runs/wokwi/reports/metrics.csv --man_report /work/runs/wokwi/reports/manufacturability.rpt --run_path /work/runs/wokwi}"

