OpenROAD 6f9b2bb8b808b1bb5831d4525d868212ae50517a 
This program is licensed under the BSD-3 license. See the LICENSE file for details.
Components of this program may be licensed under more restrictive licenses which must be honored.
[INFO]: Reading ODB at '/work/runs/wokwi/tmp/17-tt_um_example.odb'…
define_corners Typical
read_liberty -corner Typical /opt/tt/pdk/sky130A/libs.ref/sky130_fd_sc_hd/lib/sky130_fd_sc_hd__tt_025C_1v80.lib
Using 1e-12 for capacitance...
Using 1e+03 for resistance...
Using 1e-09 for time...
Using 1e+00 for voltage...
Using 1e-03 for current...
Using 1e-09 for power...
Using 1e-06 for distance...
Reading design constraints file at '/openlane/scripts/base.sdc'…
[INFO]: Setting output delay to: 4.0
[INFO]: Setting input delay to: 4.0
[INFO]: Setting load to: 0.033442
[INFO]: Setting clock uncertainty to: 0.25
[INFO]: Setting clock transition to: 0.15
[INFO]: Setting timing derate to: 5.0 %
[INFO]: Setting signal min routing layer to: met1 and clock min routing layer to met1. 
[INFO]: Setting signal max routing layer to: met4 and clock max routing layer to met4. 
-congestion_iterations 50 -verbose -congestion_report_file /work/runs/wokwi/tmp/routing/groute-congestion.rpt -allow_congestion
[INFO GRT-0020] Min routing layer: met1
[INFO GRT-0021] Max routing layer: met4
[INFO GRT-0022] Global adjustment: 30%
[INFO GRT-0023] Grid origin: (0, 0)
[INFO GRT-0043] No OR_DEFAULT vias defined.
[INFO GRT-0088] Layer li1     Track-Pitch = 0.4600  line-2-Via Pitch: 0.3400
[INFO GRT-0088] Layer met1    Track-Pitch = 0.3400  line-2-Via Pitch: 0.3400
[INFO GRT-0088] Layer met2    Track-Pitch = 0.4600  line-2-Via Pitch: 0.3500
[INFO GRT-0088] Layer met3    Track-Pitch = 0.6800  line-2-Via Pitch: 0.6150
[INFO GRT-0088] Layer met4    Track-Pitch = 0.9200  line-2-Via Pitch: 0.6150
[INFO GRT-0019] Found 0 clock nets.
[INFO GRT-0001] Minimum degree: 2
[INFO GRT-0002] Maximum degree: 2
[INFO GRT-0003] Macros: 0
[INFO GRT-0004] Blockages: 0

[INFO GRT-0053] Routing resources analysis:
          Routing      Original      Derated      Resource
Layer     Direction    Resources     Resources    Reduction (%)
---------------------------------------------------------------
li1        Vertical            0             0          0.00%
met1       Horizontal       7569          3520          53.49%
met2       Vertical         5495          3486          36.56%
met3       Horizontal       3773          2444          35.22%
met4       Vertical         2575          1284          50.14%
---------------------------------------------------------------

[INFO GRT-0197] Via related to pin nodes: 15
[INFO GRT-0198] Via related Steiner nodes: 0
[INFO GRT-0199] Via filling finished.
[INFO GRT-0111] Final number of vias: 18
[INFO GRT-0112] Final usage 3D: 73

[INFO GRT-0096] Final congestion report:
Layer         Resource        Demand        Usage (%)    Max H / Max V / Total Overflow
---------------------------------------------------------------------------------------
li1                  0             0            0.00%             0 /  0 /  0
met1              3520             5            0.14%             0 /  0 /  0
met2              3486             2            0.06%             0 /  0 /  0
met3              2444             8            0.33%             0 /  0 /  0
met4              1284             4            0.31%             0 /  0 /  0
---------------------------------------------------------------------------------------
Total            10734            19            0.18%             0 /  0 /  0

[INFO GRT-0018] Total wirelength: 255 um
[INFO GRT-0014] Routed nets: 29
[INFO GRT-0006] Repairing antennas, iteration 1.
[INFO GRT-0043] No OR_DEFAULT vias defined.
[INFO GRT-0012] Found 0 antenna violations.
Placement Analysis
---------------------------------
total displacement          0.0 u
average displacement        0.0 u
max displacement            0.0 u
original HPWL             166.3 u
legalized HPWL            188.0 u
delta HPWL                   13 %

[INFO DPL-0020] Mirrored 25 instances
[INFO DPL-0021] HPWL before             188.0 u
[INFO DPL-0022] HPWL after              166.3 u
[INFO DPL-0023] HPWL delta              -11.5 %
[INFO]: Setting signal min routing layer to: met1 and clock min routing layer to met1. 
[INFO]: Setting signal max routing layer to: met4 and clock max routing layer to met4. 
[WARNING GRT-0030] Specified layer met5 for adjustment is greater than max routing layer met4 and will be ignored.
-congestion_iterations 50 -verbose -congestion_report_file /work/runs/wokwi/tmp/routing/groute-congestion.rpt -allow_congestion
[INFO GRT-0020] Min routing layer: met1
[INFO GRT-0021] Max routing layer: met4
[INFO GRT-0022] Global adjustment: 30%
[INFO GRT-0023] Grid origin: (0, 0)
[INFO GRT-0043] No OR_DEFAULT vias defined.
[INFO GRT-0088] Layer li1     Track-Pitch = 0.4600  line-2-Via Pitch: 0.3400
[INFO GRT-0088] Layer met1    Track-Pitch = 0.3400  line-2-Via Pitch: 0.3400
[INFO GRT-0088] Layer met2    Track-Pitch = 0.4600  line-2-Via Pitch: 0.3500
[INFO GRT-0088] Layer met3    Track-Pitch = 0.6800  line-2-Via Pitch: 0.6150
[INFO GRT-0088] Layer met4    Track-Pitch = 0.9200  line-2-Via Pitch: 0.6150
[INFO GRT-0019] Found 0 clock nets.
[INFO GRT-0001] Minimum degree: 2
[INFO GRT-0002] Maximum degree: 2
[INFO GRT-0003] Macros: 0
[INFO GRT-0004] Blockages: 0

[INFO GRT-0053] Routing resources analysis:
          Routing      Original      Derated      Resource
Layer     Direction    Resources     Resources    Reduction (%)
---------------------------------------------------------------
li1        Vertical            0             0          0.00%
met1       Horizontal       7569          3520          53.49%
met2       Vertical         5495          3486          36.56%
met3       Horizontal       3773          2444          35.22%
met4       Vertical         2575          1284          50.14%
---------------------------------------------------------------

[INFO GRT-0197] Via related to pin nodes: 15
[INFO GRT-0198] Via related Steiner nodes: 0
[INFO GRT-0199] Via filling finished.
[INFO GRT-0111] Final number of vias: 18
[INFO GRT-0112] Final usage 3D: 73

[INFO GRT-0096] Final congestion report:
Layer         Resource        Demand        Usage (%)    Max H / Max V / Total Overflow
---------------------------------------------------------------------------------------
li1                  0             0            0.00%             0 /  0 /  0
met1              3520             5            0.14%             0 /  0 /  0
met2              3486             2            0.06%             0 /  0 /  0
met3              2444             8            0.33%             0 /  0 /  0
met4              1284             4            0.31%             0 /  0 /  0
---------------------------------------------------------------------------------------
Total            10734            19            0.18%             0 /  0 /  0

[INFO GRT-0018] Total wirelength: 255 um
[INFO GRT-0014] Routed nets: 29
Setting global connections for newly added cells…
Writing OpenROAD database to '/work/runs/wokwi/tmp/routing/19-global.odb'…
Writing layout to '/work/runs/wokwi/tmp/routing/19-global.def'…
Writing routing guides to '/work/runs/wokwi/tmp/routing/19-global.guide'…
