
===========================================================================
report_checks -path_delay min (Hold)
============================================================================
======================= Typical Corner ===================================

Startpoint: ui_in[1] (input port clocked by clk)
Endpoint: uo_out[0] (output port clocked by clk)
Path Group: clk
Path Type: min

Fanout     Cap    Slew   Delay    Time   Description
-----------------------------------------------------------------------------
                  0.15    0.00    0.00   clock clk (rise edge)
                          0.00    0.00   clock network delay (ideal)
                          4.00    4.00 v input external delay
     1    0.00    0.01    0.00    4.00 v ui_in[1] (in)
                                         ui_in[1] (net)
                  0.01    0.00    4.00 v _01_/A (sky130_fd_sc_hd__and2_2)
     1    0.00    0.03    0.14    4.14 v _01_/X (sky130_fd_sc_hd__and2_2)
                                         _00_ (net)
                  0.03    0.00    4.14 v _02_/A (sky130_fd_sc_hd__buf_1)
     1    0.03    0.19    0.20    4.34 v _02_/X (sky130_fd_sc_hd__buf_1)
                                         uo_out[0] (net)
                  0.19    0.00    4.34 v uo_out[0] (out)
                                  4.34   data arrival time

                  0.15    0.00    0.00   clock clk (rise edge)
                          0.00    0.00   clock network delay (ideal)
                          0.25    0.25   clock uncertainty
                          0.00    0.25   clock reconvergence pessimism
                         -4.00   -3.75   output external delay
                                 -3.75   data required time
-----------------------------------------------------------------------------
                                 -3.75   data required time
                                 -4.34   data arrival time
-----------------------------------------------------------------------------
                                  8.09   slack (MET)



worst slack corner Typical: 8.0900
