
===========================================================================
report_checks -path_delay max (Setup)
============================================================================
======================= Typical Corner ===================================

Startpoint: ui_in[0] (input port clocked by clk)
Endpoint: uo_out[0] (output port clocked by clk)
Path Group: clk
Path Type: max

Fanout     Cap    Slew   Delay    Time   Description
-----------------------------------------------------------------------------
                  0.15    0.00    0.00   clock clk (rise edge)
                          0.00    0.00   clock network delay (ideal)
                          4.00    4.00 ^ input external delay
     1    0.00    0.01    0.01    4.01 ^ ui_in[0] (in)
                                         ui_in[0] (net)
                  0.01    0.00    4.01 ^ _01_/B (sky130_fd_sc_hd__and2_2)
     1    0.00    0.03    0.12    4.13 ^ _01_/X (sky130_fd_sc_hd__and2_2)
                                         _00_ (net)
                  0.03    0.00    4.13 ^ _02_/A (sky130_fd_sc_hd__buf_1)
     1    0.03    0.40    0.34    4.46 ^ _02_/X (sky130_fd_sc_hd__buf_1)
                                         uo_out[0] (net)
                  0.40    0.00    4.46 ^ uo_out[0] (out)
                                  4.46   data arrival time

                  0.15   20.00   20.00   clock clk (rise edge)
                          0.00   20.00   clock network delay (ideal)
                         -0.25   19.75   clock uncertainty
                          0.00   19.75   clock reconvergence pessimism
                         -4.00   15.75   output external delay
                                 15.75   data required time
-----------------------------------------------------------------------------
                                 15.75   data required time
                                 -4.46   data arrival time
-----------------------------------------------------------------------------
                                 11.29   slack (MET)



worst slack corner Typical: 11.2878
