OpenROAD 6f9b2bb8b808b1bb5831d4525d868212ae50517a 
This program is licensed under the BSD-3 license. See the LICENSE file for details.
Components of this program may be licensed under more restrictive licenses which must be honored.
[INFO ODB-0222] Reading LEF file: /work/runs/wokwi/tmp/merged.nom.lef
[INFO ODB-0223]     Created 13 technology layers
[INFO ODB-0224]     Created 25 technology vias
[INFO ODB-0225]     Created 442 library cells
[INFO ODB-0226] Finished LEF file:  /work/runs/wokwi/tmp/merged.nom.lef
[INFO ODB-0127] Reading DEF file: /work/src/../tt/def/tt_block_1x1_pg.def
[INFO ODB-0128] Design: tt_um_template
[INFO ODB-0130]     Created 43 pins.
[INFO ODB-0132]     Created 2 special nets and 0 connections.
[INFO ODB-0133]     Created 43 nets and 0 connections.
[INFO ODB-0134] Finished DEF file: /work/src/../tt/def/tt_block_1x1_pg.def
[INFO ODB-0222] Reading LEF file: /work/runs/wokwi/tmp/merged.nom.lef
[INFO ODB-0223]     Created 13 technology layers
[INFO ODB-0224]     Created 25 technology vias
[INFO ODB-0225]     Created 442 library cells
[INFO ODB-0226] Finished LEF file:  /work/runs/wokwi/tmp/merged.nom.lef
[INFO ODB-0127] Reading DEF file: /work/src/../tt/def/tt_block_1x1_pg.def
[INFO ODB-0128] Design: tt_um_template
[INFO ODB-0130]     Created 43 pins.
[INFO ODB-0132]     Created 2 special nets and 0 connections.
[INFO ODB-0133]     Created 43 nets and 0 connections.
[INFO ODB-0134] Finished DEF file: /work/src/../tt/def/tt_block_1x1_pg.def
Using manufacturing grid: 5 Using dbu per mircons: 1000
Found 43 block terminals in existing database...
Found 43 template_bterms:
  * clk: [('met4', 154870, 110520, 155170, 111520)]
  * ena: [('met4', 158550, 110520, 158850, 111520)]
  * rst_n: [('met4', 151190, 110520, 151490, 111520)]
  * ui_in[0]: [('met4', 147510, 110520, 147810, 111520)]
  * ui_in[1]: [('met4', 143830, 110520, 144130, 111520)]
  * ui_in[2]: [('met4', 140150, 110520, 140450, 111520)]
  * ui_in[3]: [('met4', 136470, 110520, 136770, 111520)]
  * ui_in[4]: [('met4', 132790, 110520, 133090, 111520)]
  * ui_in[5]: [('met4', 129110, 110520, 129410, 111520)]
  * ui_in[6]: [('met4', 125430, 110520, 125730, 111520)]
  * ui_in[7]: [('met4', 121750, 110520, 122050, 111520)]
  * uio_in[0]: [('met4', 118070, 110520, 118370, 111520)]
  * uio_in[1]: [('met4', 114390, 110520, 114690, 111520)]
  * uio_in[2]: [('met4', 110710, 110520, 111010, 111520)]
  * uio_in[3]: [('met4', 107030, 110520, 107330, 111520)]
  * uio_in[4]: [('met4', 103350, 110520, 103650, 111520)]
  * uio_in[5]: [('met4', 99670, 110520, 99970, 111520)]
  * uio_in[6]: [('met4', 95990, 110520, 96290, 111520)]
  * uio_in[7]: [('met4', 92310, 110520, 92610, 111520)]
  * uio_oe[0]: [('met4', 29750, 110520, 30050, 111520)]
  * uio_oe[1]: [('met4', 26070, 110520, 26370, 111520)]
  * uio_oe[2]: [('met4', 22390, 110520, 22690, 111520)]
  * uio_oe[3]: [('met4', 18710, 110520, 19010, 111520)]
  * uio_oe[4]: [('met4', 15030, 110520, 15330, 111520)]
  * uio_oe[5]: [('met4', 11350, 110520, 11650, 111520)]
  * uio_oe[6]: [('met4', 7670, 110520, 7970, 111520)]
  * uio_oe[7]: [('met4', 3990, 110520, 4290, 111520)]
  * uio_out[0]: [('met4', 59190, 110520, 59490, 111520)]
  * uio_out[1]: [('met4', 55510, 110520, 55810, 111520)]
  * uio_out[2]: [('met4', 51830, 110520, 52130, 111520)]
  * uio_out[3]: [('met4', 48150, 110520, 48450, 111520)]
  * uio_out[4]: [('met4', 44470, 110520, 44770, 111520)]
  * uio_out[5]: [('met4', 40790, 110520, 41090, 111520)]
  * uio_out[6]: [('met4', 37110, 110520, 37410, 111520)]
  * uio_out[7]: [('met4', 33430, 110520, 33730, 111520)]
  * uo_out[0]: [('met4', 88630, 110520, 88930, 111520)]
  * uo_out[1]: [('met4', 84950, 110520, 85250, 111520)]
  * uo_out[2]: [('met4', 81270, 110520, 81570, 111520)]
  * uo_out[3]: [('met4', 77590, 110520, 77890, 111520)]
  * uo_out[4]: [('met4', 73910, 110520, 74210, 111520)]
  * uo_out[5]: [('met4', 70230, 110520, 70530, 111520)]
  * uo_out[6]: [('met4', 66550, 110520, 66850, 111520)]
  * uo_out[7]: [('met4', 62870, 110520, 63170, 111520)]
Wrote pin clk at layer met4 at (154870, 110520, 155170, 111520)...
Wrote pin ena at layer met4 at (158550, 110520, 158850, 111520)...
Wrote pin rst_n at layer met4 at (151190, 110520, 151490, 111520)...
Wrote pin ui_in[0] at layer met4 at (147510, 110520, 147810, 111520)...
Wrote pin ui_in[1] at layer met4 at (143830, 110520, 144130, 111520)...
Wrote pin ui_in[2] at layer met4 at (140150, 110520, 140450, 111520)...
Wrote pin ui_in[3] at layer met4 at (136470, 110520, 136770, 111520)...
Wrote pin ui_in[4] at layer met4 at (132790, 110520, 133090, 111520)...
Wrote pin ui_in[5] at layer met4 at (129110, 110520, 129410, 111520)...
Wrote pin ui_in[6] at layer met4 at (125430, 110520, 125730, 111520)...
Wrote pin ui_in[7] at layer met4 at (121750, 110520, 122050, 111520)...
Wrote pin uio_in[0] at layer met4 at (118070, 110520, 118370, 111520)...
Wrote pin uio_in[1] at layer met4 at (114390, 110520, 114690, 111520)...
Wrote pin uio_in[2] at layer met4 at (110710, 110520, 111010, 111520)...
Wrote pin uio_in[3] at layer met4 at (107030, 110520, 107330, 111520)...
Wrote pin uio_in[4] at layer met4 at (103350, 110520, 103650, 111520)...
Wrote pin uio_in[5] at layer met4 at (99670, 110520, 99970, 111520)...
Wrote pin uio_in[6] at layer met4 at (95990, 110520, 96290, 111520)...
Wrote pin uio_in[7] at layer met4 at (92310, 110520, 92610, 111520)...
Wrote pin uio_oe[0] at layer met4 at (29750, 110520, 30050, 111520)...
Wrote pin uio_oe[1] at layer met4 at (26070, 110520, 26370, 111520)...
Wrote pin uio_oe[2] at layer met4 at (22390, 110520, 22690, 111520)...
Wrote pin uio_oe[3] at layer met4 at (18710, 110520, 19010, 111520)...
Wrote pin uio_oe[4] at layer met4 at (15030, 110520, 15330, 111520)...
Wrote pin uio_oe[5] at layer met4 at (11350, 110520, 11650, 111520)...
Wrote pin uio_oe[6] at layer met4 at (7670, 110520, 7970, 111520)...
Wrote pin uio_oe[7] at layer met4 at (3990, 110520, 4290, 111520)...
Wrote pin uio_out[0] at layer met4 at (59190, 110520, 59490, 111520)...
Wrote pin uio_out[1] at layer met4 at (55510, 110520, 55810, 111520)...
Wrote pin uio_out[2] at layer met4 at (51830, 110520, 52130, 111520)...
Wrote pin uio_out[3] at layer met4 at (48150, 110520, 48450, 111520)...
Wrote pin uio_out[4] at layer met4 at (44470, 110520, 44770, 111520)...
Wrote pin uio_out[5] at layer met4 at (40790, 110520, 41090, 111520)...
Wrote pin uio_out[6] at layer met4 at (37110, 110520, 37410, 111520)...
Wrote pin uio_out[7] at layer met4 at (33430, 110520, 33730, 111520)...
Wrote pin uo_out[0] at layer met4 at (88630, 110520, 88930, 111520)...
Wrote pin uo_out[1] at layer met4 at (84950, 110520, 85250, 111520)...
Wrote pin uo_out[2] at layer met4 at (81270, 110520, 81570, 111520)...
Wrote pin uo_out[3] at layer met4 at (77590, 110520, 77890, 111520)...
Wrote pin uo_out[4] at layer met4 at (73910, 110520, 74210, 111520)...
Wrote pin uo_out[5] at layer met4 at (70230, 110520, 70530, 111520)...
Wrote pin uo_out[6] at layer met4 at (66550, 110520, 66850, 111520)...
Wrote pin uo_out[7] at layer met4 at (62870, 110520, 63170, 111520)...
