
===========================================================================
 report_power
============================================================================
======================= Fastest Corner ===================================

Group                  Internal  Switching    Leakage      Total
                          Power      Power      Power      Power (Watts)
----------------------------------------------------------------
Sequential             0.00e+00   0.00e+00   0.00e+00   0.00e+00   0.0%
Combinational          2.82e-07   4.75e-07   9.51e-11   7.57e-07  99.9%
Clock                  0.00e+00   0.00e+00   1.01e-09   1.01e-09   0.1%
Macro                  0.00e+00   0.00e+00   0.00e+00   0.00e+00   0.0%
Pad                    0.00e+00   0.00e+00   0.00e+00   0.00e+00   0.0%
----------------------------------------------------------------
Total                  2.82e-07   4.75e-07   1.11e-09   7.58e-07 100.0%
                          37.2%      62.6%       0.1%

======================= Slowest Corner ===================================

Group                  Internal  Switching    Leakage      Total
                          Power      Power      Power      Power (Watts)
----------------------------------------------------------------
Sequential             0.00e+00   0.00e+00   0.00e+00   0.00e+00   0.0%
Combinational          2.09e-07   3.17e-07   1.98e-08   5.46e-07  99.8%
Clock                  0.00e+00   0.00e+00   1.01e-09   1.01e-09   0.2%
Macro                  0.00e+00   0.00e+00   0.00e+00   0.00e+00   0.0%
Pad                    0.00e+00   0.00e+00   0.00e+00   0.00e+00   0.0%
----------------------------------------------------------------
Total                  2.09e-07   3.17e-07   2.08e-08   5.47e-07 100.0%
                          38.2%      58.0%       3.8%

======================= Typical Corner ===================================

Group                  Internal  Switching    Leakage      Total
                          Power      Power      Power      Power (Watts)
----------------------------------------------------------------
Sequential             0.00e+00   0.00e+00   0.00e+00   0.00e+00   0.0%
Combinational          2.53e-07   4.03e-07   7.95e-11   6.56e-07  99.8%
Clock                  0.00e+00   0.00e+00   1.01e-09   1.01e-09   0.2%
Macro                  0.00e+00   0.00e+00   0.00e+00   0.00e+00   0.0%
Pad                    0.00e+00   0.00e+00   0.00e+00   0.00e+00   0.0%
----------------------------------------------------------------
Total                  2.53e-07   4.03e-07   1.09e-09   6.57e-07 100.0%
                          38.5%      61.3%       0.2%

