
===========================================================================
report_checks -path_delay max (Setup)
============================================================================
======================= Fastest Corner ===================================

Startpoint: ui_in[0] (input port clocked by clk)
Endpoint: uo_out[0] (output port clocked by clk)
Path Group: clk
Path Type: max
Corner: Fastest

Fanout     Cap    Slew   Delay    Time   Description
-----------------------------------------------------------------------------
                  0.15    0.00    0.00   clock clk (rise edge)
                          0.00    0.00   clock network delay (ideal)
                          4.00    4.00 ^ input external delay
     1    0.00    0.01    0.01    4.01 ^ ui_in[0] (in)
                                         ui_in[0] (net)
                  0.01    0.00    4.01 ^ input1/A (sky130_fd_sc_hd__clkbuf_1)
     1    0.00    0.04    0.06    4.07 ^ input1/X (sky130_fd_sc_hd__clkbuf_1)
                                         net1 (net)
                  0.04    0.00    4.07 ^ _01_/B (sky130_fd_sc_hd__and2_1)
     1    0.00    0.03    0.08    4.15 ^ _01_/X (sky130_fd_sc_hd__and2_1)
                                         _00_ (net)
                  0.03    0.00    4.15 ^ _02_/A (sky130_fd_sc_hd__clkbuf_4)
     1    0.04    0.10    0.14    4.29 ^ _02_/X (sky130_fd_sc_hd__clkbuf_4)
                                         uo_out[0] (net)
                  0.10    0.00    4.29 ^ uo_out[0] (out)
                                  4.29   data arrival time

                  0.15   20.00   20.00   clock clk (rise edge)
                          0.00   20.00   clock network delay (ideal)
                         -0.25   19.75   clock uncertainty
                          0.00   19.75   clock reconvergence pessimism
                         -4.00   15.75   output external delay
                                 15.75   data required time
-----------------------------------------------------------------------------
                                 15.75   data required time
                                 -4.29   data arrival time
-----------------------------------------------------------------------------
                                 11.46   slack (MET)



worst slack corner Fastest: 11.4628
======================= Slowest Corner ===================================

Startpoint: ui_in[0] (input port clocked by clk)
Endpoint: uo_out[0] (output port clocked by clk)
Path Group: clk
Path Type: max
Corner: Slowest

Fanout     Cap    Slew   Delay    Time   Description
-----------------------------------------------------------------------------
                  0.15    0.00    0.00   clock clk (rise edge)
                          0.00    0.00   clock network delay (ideal)
                          4.00    4.00 v input external delay
     1    0.00    0.02    0.01    4.01 v ui_in[0] (in)
                                         ui_in[0] (net)
                  0.02    0.00    4.01 v input1/A (sky130_fd_sc_hd__clkbuf_1)
     1    0.00    0.06    0.16    4.17 v input1/X (sky130_fd_sc_hd__clkbuf_1)
                                         net1 (net)
                  0.06    0.00    4.17 v _01_/B (sky130_fd_sc_hd__and2_1)
     1    0.00    0.07    0.32    4.49 v _01_/X (sky130_fd_sc_hd__and2_1)
                                         _00_ (net)
                  0.07    0.00    4.49 v _02_/A (sky130_fd_sc_hd__clkbuf_4)
     1    0.04    0.16    0.35    4.84 v _02_/X (sky130_fd_sc_hd__clkbuf_4)
                                         uo_out[0] (net)
                  0.16    0.00    4.84 v uo_out[0] (out)
                                  4.84   data arrival time

                  0.15   20.00   20.00   clock clk (rise edge)
                          0.00   20.00   clock network delay (ideal)
                         -0.25   19.75   clock uncertainty
                          0.00   19.75   clock reconvergence pessimism
                         -4.00   15.75   output external delay
                                 15.75   data required time
-----------------------------------------------------------------------------
                                 15.75   data required time
                                 -4.84   data arrival time
-----------------------------------------------------------------------------
                                 10.91   slack (MET)



worst slack corner Slowest: 10.9089
======================= Typical Corner ===================================

Startpoint: ui_in[0] (input port clocked by clk)
Endpoint: uo_out[0] (output port clocked by clk)
Path Group: clk
Path Type: max
Corner: Typical

Fanout     Cap    Slew   Delay    Time   Description
-----------------------------------------------------------------------------
                  0.15    0.00    0.00   clock clk (rise edge)
                          0.00    0.00   clock network delay (ideal)
                          4.00    4.00 v input external delay
     1    0.00    0.01    0.00    4.00 v ui_in[0] (in)
                                         ui_in[0] (net)
                  0.01    0.00    4.00 v input1/A (sky130_fd_sc_hd__clkbuf_1)
     1    0.00    0.03    0.08    4.09 v input1/X (sky130_fd_sc_hd__clkbuf_1)
                                         net1 (net)
                  0.03    0.00    4.09 v _01_/B (sky130_fd_sc_hd__and2_1)
     1    0.00    0.03    0.15    4.24 v _01_/X (sky130_fd_sc_hd__and2_1)
                                         _00_ (net)
                  0.03    0.00    4.24 v _02_/A (sky130_fd_sc_hd__clkbuf_4)
     1    0.04    0.09    0.19    4.43 v _02_/X (sky130_fd_sc_hd__clkbuf_4)
                                         uo_out[0] (net)
                  0.09    0.00    4.43 v uo_out[0] (out)
                                  4.43   data arrival time

                  0.15   20.00   20.00   clock clk (rise edge)
                          0.00   20.00   clock network delay (ideal)
                         -0.25   19.75   clock uncertainty
                          0.00   19.75   clock reconvergence pessimism
                         -4.00   15.75   output external delay
                                 15.75   data required time
-----------------------------------------------------------------------------
                                 15.75   data required time
                                 -4.43   data arrival time
-----------------------------------------------------------------------------
                                 11.32   slack (MET)



worst slack corner Typical: 11.3177
