Instance name, X location, Y location, Voltage
tt_um_example_4, 61.065, 108.8, 1.8
FILLER_0_38_126, 61.065, 108.8, 1.8
tt_um_example_21, 22.195, 103.36, 1.8
PHY_EDGE_ROW_38_Left_77, 2.76, 108.8, 1.8
PHY_EDGE_ROW_38_Right_38, 158.24, 108.8, 1.8
FILLER_0_38_22, 12.477, 108.8, 1.8
tt_um_example_11, 35.151, 108.8, 1.8
FILLER_0_38_70, 35.151, 108.8, 1.8
FILLER_0_38_150, 70.456, 108.8, 1.8
PHY_EDGE_ROW_36_Left_75, 2.76, 103.36, 1.8
PHY_EDGE_ROW_37_Left_76, 2.76, 103.36, 1.8
tt_um_example_3, 2.76, 103.36, 1.8
PHY_EDGE_ROW_36_Right_36, 158.24, 103.36, 1.8
PHY_EDGE_ROW_37_Right_37, 158.24, 103.36, 1.8
tt_um_example_25, 6.9, 103.36, 1.8
FILLER_0_38_6, 6.9, 103.36, 1.8
FILLER_0_38_14, 6.9, 103.36, 1.8
tt_um_example_24, 12.42, 103.36, 1.8
tt_um_example_22, 18.86, 103.36, 1.8
FILLER_0_38_38, 18.86, 103.36, 1.8
tt_um_example_20, 24.38, 103.36, 1.8
FILLER_0_37_51, 24.38, 103.36, 1.8
FILLER_0_38_46, 24.38, 103.36, 1.8
tt_um_example_19, 29.9, 103.36, 1.8
tt_um_example_8, 44.62, 103.36, 1.8
FILLER_0_38_94, 44.62, 103.36, 1.8
tt_um_example_6, 50.14, 103.36, 1.8
FILLER_0_37_105, 50.14, 103.36, 1.8
FILLER_0_38_102, 50.14, 103.36, 1.8
tt_um_example_5, 55.66, 103.36, 1.8
tt_um_example_16, 70.38, 103.36, 1.8
tt_um_example_14, 75.9, 103.36, 1.8
FILLER_0_37_161, 75.9, 103.36, 1.8
FILLER_0_38_158, 75.9, 103.36, 1.8
tt_um_example_13, 81.42, 103.36, 1.8
tt_um_example_12, 86.94, 103.36, 1.8
FILLER_0_37_217, 101.66, 103.36, 1.8
FILLER_0_38_221, 107.18, 103.36, 1.8
_02_, 127.42, 103.36, 1.8
FILLER_0_37_273, 127.42, 103.36, 1.8
FILLER_0_38_281, 132.94, 103.36, 1.8
input1, 147.66, 103.36, 1.8
FILLER_0_37_329, 153.18, 103.36, 1.8
FILLER_0_38_330, 153.18, 103.36, 1.8
tt_um_example_23, 17.94, 103.36, 1.8
FILLER_0_38_32, 17.94, 103.36, 1.8
FILLER_0_38_62, 31.74, 103.36, 1.8
tt_um_example_10, 37.26, 103.36, 1.8
FILLER_0_38_78, 37.26, 103.36, 1.8
tt_um_example_9, 42.78, 103.36, 1.8
FILLER_0_38_88, 42.78, 103.36, 1.8
tt_um_example_7, 48.3, 103.36, 1.8
FILLER_0_38_118, 57.5, 103.36, 1.8
tt_um_example_18, 63.02, 103.36, 1.8
FILLER_0_38_134, 63.02, 103.36, 1.8
tt_um_example_17, 68.54, 103.36, 1.8
FILLER_0_38_144, 68.54, 103.36, 1.8
tt_um_example_15, 74.06, 103.36, 1.8
FILLER_0_38_174, 83.26, 103.36, 1.8
FILLER_0_38_249, 120.06, 103.36, 1.8
FILLER_0_38_265, 125.58, 103.36, 1.8
_01_, 134.78, 103.36, 1.8
FILLER_0_38_302, 140.3, 103.36, 1.8
input2, 145.82, 103.36, 1.8
FILLER_0_38_312, 145.82, 103.36, 1.8
PHY_EDGE_ROW_34_Left_73, 2.76, 97.92, 1.8
PHY_EDGE_ROW_35_Left_74, 2.76, 97.92, 1.8
PHY_EDGE_ROW_34_Right_34, 158.24, 97.92, 1.8
PHY_EDGE_ROW_35_Right_35, 158.24, 97.92, 1.8
FILLER_0_35_51, 24.38, 97.92, 1.8
FILLER_0_35_105, 50.14, 97.92, 1.8
FILLER_0_35_161, 75.9, 97.92, 1.8
FILLER_0_35_217, 101.66, 97.92, 1.8
FILLER_0_35_273, 127.42, 97.92, 1.8
FILLER_0_35_329, 153.18, 97.92, 1.8
FILLER_0_36_77, 37.26, 97.92, 1.8
FILLER_0_36_133, 63.02, 97.92, 1.8
FILLER_0_36_189, 88.78, 97.92, 1.8
FILLER_0_36_245, 114.54, 97.92, 1.8
FILLER_0_36_301, 140.3, 97.92, 1.8
PHY_EDGE_ROW_32_Left_71, 2.76, 92.48, 1.8
PHY_EDGE_ROW_33_Left_72, 2.76, 92.48, 1.8
PHY_EDGE_ROW_32_Right_32, 158.24, 92.48, 1.8
PHY_EDGE_ROW_33_Right_33, 158.24, 92.48, 1.8
FILLER_0_33_51, 24.38, 92.48, 1.8
FILLER_0_33_105, 50.14, 92.48, 1.8
FILLER_0_33_161, 75.9, 92.48, 1.8
FILLER_0_33_217, 101.66, 92.48, 1.8
FILLER_0_33_273, 127.42, 92.48, 1.8
FILLER_0_33_329, 153.18, 92.48, 1.8
FILLER_0_34_77, 37.26, 92.48, 1.8
FILLER_0_34_133, 63.02, 92.48, 1.8
FILLER_0_34_189, 88.78, 92.48, 1.8
FILLER_0_34_245, 114.54, 92.48, 1.8
FILLER_0_34_301, 140.3, 92.48, 1.8
PHY_EDGE_ROW_30_Left_69, 2.76, 87.04, 1.8
PHY_EDGE_ROW_31_Left_70, 2.76, 87.04, 1.8
PHY_EDGE_ROW_30_Right_30, 158.24, 87.04, 1.8
PHY_EDGE_ROW_31_Right_31, 158.24, 87.04, 1.8
FILLER_0_31_51, 24.38, 87.04, 1.8
FILLER_0_31_105, 50.14, 87.04, 1.8
FILLER_0_31_161, 75.9, 87.04, 1.8
FILLER_0_31_217, 101.66, 87.04, 1.8
FILLER_0_31_273, 127.42, 87.04, 1.8
FILLER_0_31_329, 153.18, 87.04, 1.8
FILLER_0_32_77, 37.26, 87.04, 1.8
FILLER_0_32_133, 63.02, 87.04, 1.8
FILLER_0_32_189, 88.78, 87.04, 1.8
FILLER_0_32_245, 114.54, 87.04, 1.8
FILLER_0_32_301, 140.3, 87.04, 1.8
PHY_EDGE_ROW_28_Left_67, 2.76, 81.6, 1.8
PHY_EDGE_ROW_29_Left_68, 2.76, 81.6, 1.8
PHY_EDGE_ROW_28_Right_28, 158.24, 81.6, 1.8
PHY_EDGE_ROW_29_Right_29, 158.24, 81.6, 1.8
FILLER_0_29_51, 24.38, 81.6, 1.8
FILLER_0_29_105, 50.14, 81.6, 1.8
FILLER_0_29_161, 75.9, 81.6, 1.8
FILLER_0_29_217, 101.66, 81.6, 1.8
FILLER_0_29_273, 127.42, 81.6, 1.8
FILLER_0_29_329, 153.18, 81.6, 1.8
FILLER_0_30_77, 37.26, 81.6, 1.8
FILLER_0_30_133, 63.02, 81.6, 1.8
FILLER_0_30_189, 88.78, 81.6, 1.8
FILLER_0_30_245, 114.54, 81.6, 1.8
FILLER_0_30_301, 140.3, 81.6, 1.8
PHY_EDGE_ROW_26_Left_65, 2.76, 76.16, 1.8
PHY_EDGE_ROW_27_Left_66, 2.76, 76.16, 1.8
PHY_EDGE_ROW_26_Right_26, 158.24, 76.16, 1.8
PHY_EDGE_ROW_27_Right_27, 158.24, 76.16, 1.8
FILLER_0_27_51, 24.38, 76.16, 1.8
FILLER_0_27_105, 50.14, 76.16, 1.8
FILLER_0_27_161, 75.9, 76.16, 1.8
FILLER_0_27_217, 101.66, 76.16, 1.8
FILLER_0_27_273, 127.42, 76.16, 1.8
FILLER_0_27_329, 153.18, 76.16, 1.8
FILLER_0_28_77, 37.26, 76.16, 1.8
FILLER_0_28_133, 63.02, 76.16, 1.8
FILLER_0_28_189, 88.78, 76.16, 1.8
FILLER_0_28_245, 114.54, 76.16, 1.8
FILLER_0_28_301, 140.3, 76.16, 1.8
PHY_EDGE_ROW_24_Left_63, 2.76, 70.72, 1.8
PHY_EDGE_ROW_25_Left_64, 2.76, 70.72, 1.8
PHY_EDGE_ROW_24_Right_24, 158.24, 70.72, 1.8
PHY_EDGE_ROW_25_Right_25, 158.24, 70.72, 1.8
FILLER_0_25_51, 24.38, 70.72, 1.8
FILLER_0_25_105, 50.14, 70.72, 1.8
FILLER_0_25_161, 75.9, 70.72, 1.8
FILLER_0_25_217, 101.66, 70.72, 1.8
FILLER_0_25_273, 127.42, 70.72, 1.8
FILLER_0_25_329, 153.18, 70.72, 1.8
FILLER_0_26_77, 37.26, 70.72, 1.8
FILLER_0_26_133, 63.02, 70.72, 1.8
FILLER_0_26_189, 88.78, 70.72, 1.8
FILLER_0_26_245, 114.54, 70.72, 1.8
FILLER_0_26_301, 140.3, 70.72, 1.8
PHY_EDGE_ROW_22_Left_61, 2.76, 65.28, 1.8
PHY_EDGE_ROW_23_Left_62, 2.76, 65.28, 1.8
PHY_EDGE_ROW_22_Right_22, 158.24, 65.28, 1.8
PHY_EDGE_ROW_23_Right_23, 158.24, 65.28, 1.8
FILLER_0_23_51, 24.38, 65.28, 1.8
FILLER_0_23_105, 50.14, 65.28, 1.8
FILLER_0_23_161, 75.9, 65.28, 1.8
FILLER_0_23_217, 101.66, 65.28, 1.8
FILLER_0_23_273, 127.42, 65.28, 1.8
FILLER_0_23_329, 153.18, 65.28, 1.8
FILLER_0_24_77, 37.26, 65.28, 1.8
FILLER_0_24_133, 63.02, 65.28, 1.8
FILLER_0_24_189, 88.78, 65.28, 1.8
FILLER_0_24_245, 114.54, 65.28, 1.8
FILLER_0_24_301, 140.3, 65.28, 1.8
PHY_EDGE_ROW_20_Left_59, 2.76, 59.84, 1.8
PHY_EDGE_ROW_21_Left_60, 2.76, 59.84, 1.8
PHY_EDGE_ROW_20_Right_20, 158.24, 59.84, 1.8
PHY_EDGE_ROW_21_Right_21, 158.24, 59.84, 1.8
FILLER_0_21_51, 24.38, 59.84, 1.8
FILLER_0_21_105, 50.14, 59.84, 1.8
FILLER_0_21_161, 75.9, 59.84, 1.8
FILLER_0_21_217, 101.66, 59.84, 1.8
FILLER_0_21_273, 127.42, 59.84, 1.8
FILLER_0_21_329, 153.18, 59.84, 1.8
FILLER_0_22_77, 37.26, 59.84, 1.8
FILLER_0_22_133, 63.02, 59.84, 1.8
FILLER_0_22_189, 88.78, 59.84, 1.8
FILLER_0_22_245, 114.54, 59.84, 1.8
FILLER_0_22_301, 140.3, 59.84, 1.8
PHY_EDGE_ROW_18_Left_57, 2.76, 54.4, 1.8
PHY_EDGE_ROW_19_Left_58, 2.76, 54.4, 1.8
PHY_EDGE_ROW_18_Right_18, 158.24, 54.4, 1.8
PHY_EDGE_ROW_19_Right_19, 158.24, 54.4, 1.8
FILLER_0_19_51, 24.38, 54.4, 1.8
FILLER_0_19_105, 50.14, 54.4, 1.8
FILLER_0_19_161, 75.9, 54.4, 1.8
FILLER_0_19_217, 101.66, 54.4, 1.8
FILLER_0_19_273, 127.42, 54.4, 1.8
FILLER_0_19_329, 153.18, 54.4, 1.8
FILLER_0_20_77, 37.26, 54.4, 1.8
FILLER_0_20_133, 63.02, 54.4, 1.8
FILLER_0_20_189, 88.78, 54.4, 1.8
FILLER_0_20_245, 114.54, 54.4, 1.8
FILLER_0_20_301, 140.3, 54.4, 1.8
PHY_EDGE_ROW_16_Left_55, 2.76, 48.96, 1.8
PHY_EDGE_ROW_17_Left_56, 2.76, 48.96, 1.8
PHY_EDGE_ROW_16_Right_16, 158.24, 48.96, 1.8
PHY_EDGE_ROW_17_Right_17, 158.24, 48.96, 1.8
FILLER_0_17_51, 24.38, 48.96, 1.8
FILLER_0_17_105, 50.14, 48.96, 1.8
FILLER_0_17_161, 75.9, 48.96, 1.8
FILLER_0_17_217, 101.66, 48.96, 1.8
FILLER_0_17_273, 127.42, 48.96, 1.8
FILLER_0_17_329, 153.18, 48.96, 1.8
FILLER_0_18_77, 37.26, 48.96, 1.8
FILLER_0_18_133, 63.02, 48.96, 1.8
FILLER_0_18_189, 88.78, 48.96, 1.8
FILLER_0_18_245, 114.54, 48.96, 1.8
FILLER_0_18_301, 140.3, 48.96, 1.8
PHY_EDGE_ROW_14_Left_53, 2.76, 43.52, 1.8
PHY_EDGE_ROW_15_Left_54, 2.76, 43.52, 1.8
PHY_EDGE_ROW_14_Right_14, 158.24, 43.52, 1.8
PHY_EDGE_ROW_15_Right_15, 158.24, 43.52, 1.8
FILLER_0_15_51, 24.38, 43.52, 1.8
FILLER_0_15_105, 50.14, 43.52, 1.8
FILLER_0_15_161, 75.9, 43.52, 1.8
FILLER_0_15_217, 101.66, 43.52, 1.8
FILLER_0_15_273, 127.42, 43.52, 1.8
FILLER_0_15_329, 153.18, 43.52, 1.8
FILLER_0_16_77, 37.26, 43.52, 1.8
FILLER_0_16_133, 63.02, 43.52, 1.8
FILLER_0_16_189, 88.78, 43.52, 1.8
FILLER_0_16_245, 114.54, 43.52, 1.8
FILLER_0_16_301, 140.3, 43.52, 1.8
PHY_EDGE_ROW_12_Left_51, 2.76, 38.08, 1.8
PHY_EDGE_ROW_13_Left_52, 2.76, 38.08, 1.8
PHY_EDGE_ROW_12_Right_12, 158.24, 38.08, 1.8
PHY_EDGE_ROW_13_Right_13, 158.24, 38.08, 1.8
FILLER_0_13_51, 24.38, 38.08, 1.8
FILLER_0_13_105, 50.14, 38.08, 1.8
FILLER_0_13_161, 75.9, 38.08, 1.8
FILLER_0_13_217, 101.66, 38.08, 1.8
FILLER_0_13_273, 127.42, 38.08, 1.8
FILLER_0_13_329, 153.18, 38.08, 1.8
FILLER_0_14_77, 37.26, 38.08, 1.8
FILLER_0_14_133, 63.02, 38.08, 1.8
FILLER_0_14_189, 88.78, 38.08, 1.8
FILLER_0_14_245, 114.54, 38.08, 1.8
FILLER_0_14_301, 140.3, 38.08, 1.8
PHY_EDGE_ROW_10_Left_49, 2.76, 32.64, 1.8
PHY_EDGE_ROW_11_Left_50, 2.76, 32.64, 1.8
PHY_EDGE_ROW_10_Right_10, 158.24, 32.64, 1.8
PHY_EDGE_ROW_11_Right_11, 158.24, 32.64, 1.8
FILLER_0_11_51, 24.38, 32.64, 1.8
FILLER_0_11_105, 50.14, 32.64, 1.8
FILLER_0_11_161, 75.9, 32.64, 1.8
FILLER_0_11_217, 101.66, 32.64, 1.8
FILLER_0_11_273, 127.42, 32.64, 1.8
FILLER_0_11_329, 153.18, 32.64, 1.8
FILLER_0_12_77, 37.26, 32.64, 1.8
FILLER_0_12_133, 63.02, 32.64, 1.8
FILLER_0_12_189, 88.78, 32.64, 1.8
FILLER_0_12_245, 114.54, 32.64, 1.8
FILLER_0_12_301, 140.3, 32.64, 1.8
PHY_EDGE_ROW_8_Left_47, 2.76, 27.2, 1.8
PHY_EDGE_ROW_9_Left_48, 2.76, 27.2, 1.8
PHY_EDGE_ROW_8_Right_8, 158.24, 27.2, 1.8
PHY_EDGE_ROW_9_Right_9, 158.24, 27.2, 1.8
FILLER_0_9_51, 24.38, 27.2, 1.8
FILLER_0_9_105, 50.14, 27.2, 1.8
FILLER_0_9_161, 75.9, 27.2, 1.8
FILLER_0_9_217, 101.66, 27.2, 1.8
FILLER_0_9_273, 127.42, 27.2, 1.8
FILLER_0_9_329, 153.18, 27.2, 1.8
FILLER_0_10_77, 37.26, 27.2, 1.8
FILLER_0_10_133, 63.02, 27.2, 1.8
FILLER_0_10_189, 88.78, 27.2, 1.8
FILLER_0_10_245, 114.54, 27.2, 1.8
FILLER_0_10_301, 140.3, 27.2, 1.8
PHY_EDGE_ROW_6_Left_45, 2.76, 21.76, 1.8
PHY_EDGE_ROW_7_Left_46, 2.76, 21.76, 1.8
PHY_EDGE_ROW_6_Right_6, 158.24, 21.76, 1.8
PHY_EDGE_ROW_7_Right_7, 158.24, 21.76, 1.8
FILLER_0_7_51, 24.38, 21.76, 1.8
FILLER_0_7_105, 50.14, 21.76, 1.8
FILLER_0_7_161, 75.9, 21.76, 1.8
FILLER_0_7_217, 101.66, 21.76, 1.8
FILLER_0_7_273, 127.42, 21.76, 1.8
FILLER_0_7_329, 153.18, 21.76, 1.8
FILLER_0_8_77, 37.26, 21.76, 1.8
FILLER_0_8_133, 63.02, 21.76, 1.8
FILLER_0_8_189, 88.78, 21.76, 1.8
FILLER_0_8_245, 114.54, 21.76, 1.8
FILLER_0_8_301, 140.3, 21.76, 1.8
PHY_EDGE_ROW_4_Left_43, 2.76, 16.32, 1.8
PHY_EDGE_ROW_5_Left_44, 2.76, 16.32, 1.8
PHY_EDGE_ROW_4_Right_4, 158.24, 16.32, 1.8
PHY_EDGE_ROW_5_Right_5, 158.24, 16.32, 1.8
FILLER_0_5_51, 24.38, 16.32, 1.8
FILLER_0_5_105, 50.14, 16.32, 1.8
FILLER_0_5_161, 75.9, 16.32, 1.8
FILLER_0_5_217, 101.66, 16.32, 1.8
FILLER_0_5_273, 127.42, 16.32, 1.8
FILLER_0_5_329, 153.18, 16.32, 1.8
FILLER_0_6_77, 37.26, 16.32, 1.8
FILLER_0_6_133, 63.02, 16.32, 1.8
FILLER_0_6_189, 88.78, 16.32, 1.8
FILLER_0_6_245, 114.54, 16.32, 1.8
FILLER_0_6_301, 140.3, 16.32, 1.8
PHY_EDGE_ROW_2_Left_41, 2.76, 10.88, 1.8
PHY_EDGE_ROW_3_Left_42, 2.76, 10.88, 1.8
PHY_EDGE_ROW_2_Right_2, 158.24, 10.88, 1.8
PHY_EDGE_ROW_3_Right_3, 158.24, 10.88, 1.8
FILLER_0_3_51, 24.38, 10.88, 1.8
FILLER_0_3_105, 50.14, 10.88, 1.8
FILLER_0_3_161, 75.9, 10.88, 1.8
FILLER_0_3_217, 101.66, 10.88, 1.8
FILLER_0_3_273, 127.42, 10.88, 1.8
FILLER_0_3_329, 153.18, 10.88, 1.8
FILLER_0_4_77, 37.26, 10.88, 1.8
FILLER_0_4_133, 63.02, 10.88, 1.8
FILLER_0_4_189, 88.78, 10.88, 1.8
FILLER_0_4_245, 114.54, 10.88, 1.8
FILLER_0_4_301, 140.3, 10.88, 1.8
PHY_EDGE_ROW_0_Left_39, 2.76, 5.44, 1.8
PHY_EDGE_ROW_1_Left_40, 2.76, 5.44, 1.8
PHY_EDGE_ROW_0_Right_0, 158.24, 5.44, 1.8
PHY_EDGE_ROW_1_Right_1, 158.24, 5.44, 1.8
FILLER_0_0_53, 24.38, 5.44, 1.8
FILLER_0_1_51, 24.38, 5.44, 1.8
FILLER_0_2_77, 37.26, 5.44, 1.8
FILLER_0_0_109, 50.14, 5.44, 1.8
FILLER_0_1_105, 50.14, 5.44, 1.8
FILLER_0_2_133, 63.02, 5.44, 1.8
FILLER_0_0_165, 75.9, 5.44, 1.8
FILLER_0_1_161, 75.9, 5.44, 1.8
FILLER_0_2_189, 88.78, 5.44, 1.8
FILLER_0_0_221, 101.66, 5.44, 1.8
FILLER_0_1_217, 101.66, 5.44, 1.8
FILLER_0_2_245, 114.54, 5.44, 1.8
FILLER_0_0_277, 127.42, 5.44, 1.8
FILLER_0_1_273, 127.42, 5.44, 1.8
FILLER_0_2_301, 140.3, 5.44, 1.8
FILLER_0_1_329, 153.18, 5.44, 1.8
FILLER_0_0_81, 42.78, 5.44, 1.8
FILLER_0_0_137, 68.54, 5.44, 1.8
FILLER_0_0_193, 94.3, 5.44, 1.8
FILLER_0_0_249, 120.06, 5.44, 1.8
FILLER_0_0_305, 145.82, 5.44, 1.8

