Instance name, X location, Y location, Voltage
PHY_EDGE_ROW_37_Right_37, 158.24, 106.08, 7.23321e-07
PHY_EDGE_ROW_38_Right_38, 158.24, 106.08, 7.23321e-07
PHY_EDGE_ROW_35_Right_35, 158.24, 100.64, 7.84041e-08
PHY_EDGE_ROW_36_Right_36, 158.24, 100.64, 7.84041e-08
PHY_EDGE_ROW_33_Right_33, 158.24, 95.2, 3.92198e-08
PHY_EDGE_ROW_34_Right_34, 158.24, 95.2, 3.92198e-08
PHY_EDGE_ROW_31_Right_31, 158.24, 89.76, 2.97342e-11
PHY_EDGE_ROW_32_Right_32, 158.24, 89.76, 2.97342e-11
PHY_EDGE_ROW_29_Right_29, 158.24, 84.32, 3.51251e-11
PHY_EDGE_ROW_30_Right_30, 158.24, 84.32, 3.51251e-11
PHY_EDGE_ROW_27_Right_27, 158.24, 78.88, 3.87184e-11
PHY_EDGE_ROW_28_Right_28, 158.24, 78.88, 3.87184e-11
PHY_EDGE_ROW_25_Right_25, 158.24, 73.44, 4.05148e-11
PHY_EDGE_ROW_26_Right_26, 158.24, 73.44, 4.05148e-11
PHY_EDGE_ROW_23_Right_23, 158.24, 68, 4.05148e-11
PHY_EDGE_ROW_24_Right_24, 158.24, 68, 4.05148e-11
PHY_EDGE_ROW_21_Right_21, 158.24, 62.56, 3.87184e-11
PHY_EDGE_ROW_22_Right_22, 158.24, 62.56, 3.87184e-11
PHY_EDGE_ROW_19_Right_19, 158.24, 57.12, 3.51251e-11
PHY_EDGE_ROW_20_Right_20, 158.24, 57.12, 3.51251e-11
PHY_EDGE_ROW_17_Right_17, 158.24, 51.68, 2.97342e-11
PHY_EDGE_ROW_18_Right_18, 158.24, 51.68, 2.97342e-11
PHY_EDGE_ROW_15_Right_15, 158.24, 46.24, 3.42275e-11
PHY_EDGE_ROW_16_Right_16, 158.24, 46.24, 3.42275e-11
PHY_EDGE_ROW_13_Right_13, 158.24, 40.8, 3.6923e-11
PHY_EDGE_ROW_14_Right_14, 158.24, 40.8, 3.6923e-11
PHY_EDGE_ROW_11_Right_11, 158.24, 35.36, 3.78215e-11
PHY_EDGE_ROW_12_Right_12, 158.24, 35.36, 3.78215e-11
PHY_EDGE_ROW_9_Right_9, 158.24, 29.92, 3.6923e-11
PHY_EDGE_ROW_10_Right_10, 158.24, 29.92, 3.6923e-11
PHY_EDGE_ROW_7_Right_7, 158.24, 24.48, 3.42275e-11
PHY_EDGE_ROW_8_Right_8, 158.24, 24.48, 3.42275e-11
PHY_EDGE_ROW_5_Right_5, 158.24, 19.04, 2.97342e-11
PHY_EDGE_ROW_6_Right_6, 158.24, 19.04, 2.97342e-11
PHY_EDGE_ROW_3_Right_3, 158.24, 13.6, 3.50933e-11
PHY_EDGE_ROW_4_Right_4, 158.24, 13.6, 3.50933e-11
PHY_EDGE_ROW_1_Right_1, 158.24, 8.16, 3.86493e-11
PHY_EDGE_ROW_2_Right_2, 158.24, 8.16, 3.86493e-11
PHY_EDGE_ROW_0_Right_0, 158.24, 2.72, 3.70259e-11
FILLER_0_38_249, 119.37, 106.08, 1.06449e-06
FILLER_0_0_249, 119.37, 2.72, 4.79361e-11
tt_um_example_13, 80.5, 106.08, 2.12053e-07
tt_um_example_14, 80.5, 106.08, 2.12053e-07
FILLER_0_0_165, 80.5, 2.72, 5.30632e-11
tt_um_example_9, 41.63, 106.08, 5.04141e-08
FILLER_0_0_81, 41.63, 2.72, 6.51586e-11
PHY_EDGE_ROW_37_Left_76, 2.76, 106.08, 5.08118e-08
PHY_EDGE_ROW_38_Left_77, 2.76, 106.08, 5.08118e-08
tt_um_example_3, 2.76, 106.08, 5.08118e-08
tt_um_example_25, 6.9, 106.08, 5.08013e-08
FILLER_0_38_6, 6.9, 106.08, 5.08013e-08
FILLER_0_38_14, 6.9, 106.08, 5.08013e-08
tt_um_example_24, 12.42, 106.08, 5.07734e-08
FILLER_0_38_22, 12.42, 106.08, 5.07734e-08
tt_um_example_22, 17.94, 106.08, 5.07361e-08
tt_um_example_23, 17.94, 106.08, 5.07361e-08
FILLER_0_38_32, 17.94, 106.08, 5.07361e-08
FILLER_0_38_38, 17.94, 106.08, 5.07361e-08
tt_um_example_20, 23.46, 106.08, 5.06802e-08
tt_um_example_21, 23.46, 106.08, 5.06802e-08
FILLER_0_38_46, 23.46, 106.08, 5.06802e-08
tt_um_example_11, 31.74, 106.08, 5.05754e-08
tt_um_example_19, 31.74, 106.08, 5.05754e-08
FILLER_0_38_62, 31.74, 106.08, 5.05754e-08
tt_um_example_10, 37.26, 106.08, 5.04916e-08
FILLER_0_38_70, 37.26, 106.08, 5.04916e-08
FILLER_0_38_78, 37.26, 106.08, 5.04916e-08
tt_um_example_8, 42.78, 106.08, 5.52059e-08
FILLER_0_38_88, 42.78, 106.08, 5.52059e-08
tt_um_example_6, 48.3, 106.08, 7.81969e-08
tt_um_example_7, 48.3, 106.08, 7.81969e-08
FILLER_0_38_94, 48.3, 106.08, 7.81969e-08
FILLER_0_38_102, 48.3, 106.08, 7.81969e-08
tt_um_example_4, 57.5, 106.08, 1.16484e-07
tt_um_example_5, 57.5, 106.08, 1.16484e-07
FILLER_0_38_118, 57.5, 106.08, 1.16484e-07
tt_um_example_18, 63.02, 106.08, 1.39443e-07
FILLER_0_38_126, 63.02, 106.08, 1.39443e-07
FILLER_0_38_134, 63.02, 106.08, 1.39443e-07
tt_um_example_16, 68.54, 106.08, 1.62387e-07
tt_um_example_17, 68.54, 106.08, 1.62387e-07
FILLER_0_38_144, 68.54, 106.08, 1.62387e-07
tt_um_example_15, 74.06, 106.08, 1.85318e-07
FILLER_0_38_150, 74.06, 106.08, 1.85318e-07
FILLER_0_38_158, 74.06, 106.08, 1.85318e-07
tt_um_example_12, 83.26, 106.08, 2.72587e-07
FILLER_0_38_174, 83.26, 106.08, 2.72587e-07
_02_, 125.58, 106.08, 1.76023e-06
FILLER_0_38_265, 125.58, 106.08, 1.76023e-06
_01_, 134.78, 106.08, 1.72763e-06
FILLER_0_38_281, 134.78, 106.08, 1.72763e-06
FILLER_0_38_302, 140.3, 106.08, 1.60447e-06
input1, 145.82, 106.08, 1.4813e-06
input2, 145.82, 106.08, 1.4813e-06
FILLER_0_38_312, 145.82, 106.08, 1.4813e-06
FILLER_0_38_221, 101.66, 106.08, 6.76114e-07
FILLER_0_38_330, 151.8, 106.08, 1.11635e-06
PHY_EDGE_ROW_35_Left_74, 2.76, 100.64, 1.15535e-08
PHY_EDGE_ROW_36_Left_75, 2.76, 100.64, 1.15535e-08
FILLER_0_36_77, 37.26, 100.64, 1.14844e-08
FILLER_0_36_133, 63.02, 100.64, 2.31261e-08
FILLER_0_36_189, 88.78, 100.64, 4.48781e-08
FILLER_0_36_245, 114.54, 100.64, 8.2959e-08
FILLER_0_36_301, 140.3, 100.64, 8.38126e-08
FILLER_0_37_51, 24.38, 100.64, 1.1517e-08
FILLER_0_37_105, 50.14, 100.64, 1.61115e-08
FILLER_0_37_161, 75.9, 100.64, 3.01299e-08
FILLER_0_37_217, 101.66, 100.64, 6.3924e-08
FILLER_0_37_273, 127.42, 100.64, 8.76816e-08
FILLER_0_37_329, 153.18, 100.64, 7.99326e-08
PHY_EDGE_ROW_33_Left_72, 2.76, 95.2, 5.92345e-09
PHY_EDGE_ROW_34_Left_73, 2.76, 95.2, 5.92345e-09
FILLER_0_34_77, 37.26, 95.2, 5.85437e-09
FILLER_0_34_133, 63.02, 95.2, 1.1669e-08
FILLER_0_34_189, 88.78, 95.2, 2.24863e-08
FILLER_0_34_245, 114.54, 95.2, 4.13632e-08
FILLER_0_34_301, 140.3, 95.2, 4.18534e-08
FILLER_0_35_51, 24.38, 95.2, 5.88697e-09
FILLER_0_35_105, 50.14, 95.2, 8.16315e-09
FILLER_0_35_161, 75.9, 95.2, 1.5164e-08
FILLER_0_35_217, 101.66, 95.2, 3.19302e-08
FILLER_0_35_273, 127.42, 95.2, 4.37303e-08
FILLER_0_35_329, 153.18, 95.2, 3.99657e-08
PHY_EDGE_ROW_31_Left_70, 2.76, 89.76, 1.25565e-10
PHY_EDGE_ROW_32_Left_71, 2.76, 89.76, 1.25565e-10
FILLER_0_32_77, 37.26, 89.76, 5.64778e-11
FILLER_0_32_133, 63.02, 89.76, 4.78984e-11
FILLER_0_32_189, 88.78, 89.76, 3.76203e-11
FILLER_0_32_245, 114.54, 89.76, 3.35721e-11
FILLER_0_32_301, 140.3, 89.76, 4.19184e-11
FILLER_0_33_51, 24.38, 89.76, 8.90807e-11
FILLER_0_33_105, 50.14, 89.76, 4.85071e-11
FILLER_0_33_161, 75.9, 89.76, 3.6422e-11
FILLER_0_33_217, 101.66, 89.76, 4.10301e-11
FILLER_0_33_273, 127.42, 89.76, 3.67331e-11
FILLER_0_33_329, 153.18, 89.76, 3.6236e-11
PHY_EDGE_ROW_29_Left_68, 2.76, 84.32, 1.32728e-10
PHY_EDGE_ROW_30_Left_69, 2.76, 84.32, 1.32728e-10
FILLER_0_30_77, 37.26, 84.32, 6.36406e-11
FILLER_0_30_133, 63.02, 84.32, 5.42013e-11
FILLER_0_30_189, 88.78, 84.32, 4.31236e-11
FILLER_0_30_245, 114.54, 84.32, 3.87739e-11
FILLER_0_30_301, 140.3, 84.32, 4.71959e-11
FILLER_0_31_51, 24.38, 84.32, 9.62435e-11
FILLER_0_31_105, 50.14, 84.32, 5.53278e-11
FILLER_0_31_161, 75.9, 84.32, 4.22071e-11
FILLER_0_31_217, 101.66, 84.32, 4.63826e-11
FILLER_0_31_273, 127.42, 84.32, 4.19293e-11
FILLER_0_31_329, 153.18, 84.32, 4.15949e-11
PHY_EDGE_ROW_27_Left_66, 2.76, 78.88, 1.37493e-10
PHY_EDGE_ROW_28_Left_67, 2.76, 78.88, 1.37493e-10
FILLER_0_28_77, 37.26, 78.88, 6.84062e-11
FILLER_0_28_133, 63.02, 78.88, 5.84019e-11
FILLER_0_28_189, 88.78, 78.88, 4.67978e-11
FILLER_0_28_245, 114.54, 78.88, 4.22467e-11
FILLER_0_28_301, 140.3, 78.88, 5.07162e-11
FILLER_0_29_51, 24.38, 78.88, 1.01009e-10
FILLER_0_29_105, 50.14, 78.88, 5.98686e-11
FILLER_0_29_161, 75.9, 78.88, 4.60675e-11
FILLER_0_29_217, 101.66, 78.88, 4.99561e-11
FILLER_0_29_273, 127.42, 78.88, 4.53971e-11
FILLER_0_29_329, 153.18, 78.88, 4.51676e-11
PHY_EDGE_ROW_25_Left_64, 2.76, 73.44, 1.39873e-10
PHY_EDGE_ROW_26_Left_65, 2.76, 73.44, 1.39873e-10
FILLER_0_26_77, 37.26, 73.44, 7.07861e-11
FILLER_0_26_133, 63.02, 73.44, 6.05018e-11
FILLER_0_26_189, 88.78, 73.44, 4.86364e-11
FILLER_0_26_245, 114.54, 73.44, 4.39846e-11
FILLER_0_26_301, 140.3, 73.44, 5.24769e-11
FILLER_0_27_51, 24.38, 73.44, 1.03389e-10
FILLER_0_27_105, 50.14, 73.44, 6.21371e-11
FILLER_0_27_161, 75.9, 73.44, 4.79988e-11
FILLER_0_27_217, 101.66, 73.44, 5.17443e-11
FILLER_0_27_273, 127.42, 73.44, 4.71321e-11
FILLER_0_27_329, 153.18, 73.44, 4.6954e-11
PHY_EDGE_ROW_23_Left_62, 2.76, 68, 1.39873e-10
PHY_EDGE_ROW_24_Left_63, 2.76, 68, 1.39873e-10
FILLER_0_24_77, 37.26, 68, 7.07861e-11
FILLER_0_24_133, 63.02, 68, 6.05018e-11
FILLER_0_24_189, 88.78, 68, 4.86364e-11
FILLER_0_24_245, 114.54, 68, 4.39846e-11
FILLER_0_24_301, 140.3, 68, 5.24769e-11
FILLER_0_25_51, 24.38, 68, 1.03389e-10
FILLER_0_25_105, 50.14, 68, 6.21371e-11
FILLER_0_25_161, 75.9, 68, 4.79988e-11
FILLER_0_25_217, 101.66, 68, 5.17443e-11
FILLER_0_25_273, 127.42, 68, 4.71321e-11
FILLER_0_25_329, 153.18, 68, 4.6954e-11
PHY_EDGE_ROW_21_Left_60, 2.76, 62.56, 1.37493e-10
PHY_EDGE_ROW_22_Left_61, 2.76, 62.56, 1.37493e-10
FILLER_0_22_77, 37.26, 62.56, 6.84062e-11
FILLER_0_22_133, 63.02, 62.56, 5.84019e-11
FILLER_0_22_189, 88.78, 62.56, 4.67978e-11
FILLER_0_22_245, 114.54, 62.56, 4.22467e-11
FILLER_0_22_301, 140.3, 62.56, 5.07162e-11
FILLER_0_23_51, 24.38, 62.56, 1.01009e-10
FILLER_0_23_105, 50.14, 62.56, 5.98686e-11
FILLER_0_23_161, 75.9, 62.56, 4.60675e-11
FILLER_0_23_217, 101.66, 62.56, 4.99561e-11
FILLER_0_23_273, 127.42, 62.56, 4.53971e-11
FILLER_0_23_329, 153.18, 62.56, 4.51676e-11
PHY_EDGE_ROW_19_Left_58, 2.76, 57.12, 1.32728e-10
PHY_EDGE_ROW_20_Left_59, 2.76, 57.12, 1.32728e-10
FILLER_0_20_77, 37.26, 57.12, 6.36406e-11
FILLER_0_20_133, 63.02, 57.12, 5.42013e-11
FILLER_0_20_189, 88.78, 57.12, 4.31236e-11
FILLER_0_20_245, 114.54, 57.12, 3.87739e-11
FILLER_0_20_301, 140.3, 57.12, 4.71959e-11
FILLER_0_21_51, 24.38, 57.12, 9.62435e-11
FILLER_0_21_105, 50.14, 57.12, 5.53278e-11
FILLER_0_21_161, 75.9, 57.12, 4.22071e-11
FILLER_0_21_217, 101.66, 57.12, 4.63826e-11
FILLER_0_21_273, 127.42, 57.12, 4.19293e-11
FILLER_0_21_329, 153.18, 57.12, 4.15949e-11
PHY_EDGE_ROW_17_Left_56, 2.76, 51.68, 1.25565e-10
PHY_EDGE_ROW_18_Left_57, 2.76, 51.68, 1.25565e-10
FILLER_0_18_77, 37.26, 51.68, 5.64778e-11
FILLER_0_18_133, 63.02, 51.68, 4.78984e-11
FILLER_0_18_189, 88.78, 51.68, 3.76203e-11
FILLER_0_18_245, 114.54, 51.68, 3.35721e-11
FILLER_0_18_301, 140.3, 51.68, 4.19184e-11
FILLER_0_19_51, 24.38, 51.68, 8.90807e-11
FILLER_0_19_105, 50.14, 51.68, 4.85071e-11
FILLER_0_19_161, 75.9, 51.68, 3.6422e-11
FILLER_0_19_217, 101.66, 51.68, 4.10301e-11
FILLER_0_19_273, 127.42, 51.68, 3.67331e-11
FILLER_0_19_329, 153.18, 51.68, 3.6236e-11
PHY_EDGE_ROW_15_Left_54, 2.76, 46.24, 1.3155e-10
PHY_EDGE_ROW_16_Left_55, 2.76, 46.24, 1.3155e-10
FILLER_0_16_77, 37.26, 46.24, 6.24627e-11
FILLER_0_16_133, 63.02, 46.24, 5.31532e-11
FILLER_0_16_189, 88.78, 46.24, 4.21978e-11
FILLER_0_16_245, 114.54, 46.24, 3.78988e-11
FILLER_0_16_301, 140.3, 46.24, 4.63131e-11
FILLER_0_17_51, 24.38, 46.24, 9.50656e-11
FILLER_0_17_105, 50.14, 46.24, 5.42016e-11
FILLER_0_17_161, 75.9, 46.24, 4.12371e-11
FILLER_0_17_217, 101.66, 46.24, 4.54821e-11
FILLER_0_17_273, 127.42, 46.24, 4.1057e-11
FILLER_0_17_329, 153.18, 46.24, 4.07015e-11
PHY_EDGE_ROW_13_Left_52, 2.76, 40.8, 1.35135e-10
PHY_EDGE_ROW_14_Left_53, 2.76, 40.8, 1.35135e-10
FILLER_0_14_77, 37.26, 40.8, 6.60478e-11
FILLER_0_14_133, 63.02, 40.8, 5.63052e-11
FILLER_0_14_189, 88.78, 40.8, 4.49475e-11
FILLER_0_14_245, 114.54, 40.8, 4.04978e-11
FILLER_0_14_301, 140.3, 40.8, 4.8951e-11
FILLER_0_15_51, 24.38, 40.8, 9.86507e-11
FILLER_0_15_105, 50.14, 40.8, 5.76144e-11
FILLER_0_15_161, 75.9, 40.8, 4.41284e-11
FILLER_0_15_217, 101.66, 40.8, 4.81565e-11
FILLER_0_15_273, 127.42, 40.8, 4.36536e-11
FILLER_0_15_329, 153.18, 40.8, 4.33808e-11
PHY_EDGE_ROW_11_Left_50, 2.76, 35.36, 1.36329e-10
PHY_EDGE_ROW_12_Left_51, 2.76, 35.36, 1.36329e-10
FILLER_0_12_77, 37.26, 35.36, 6.72419e-11
FILLER_0_12_133, 63.02, 35.36, 5.73558e-11
FILLER_0_12_189, 88.78, 35.36, 4.58647e-11
FILLER_0_12_245, 114.54, 35.36, 4.13647e-11
FILLER_0_12_301, 140.3, 35.36, 4.98305e-11
FILLER_0_13_51, 24.38, 35.36, 9.98448e-11
FILLER_0_13_105, 50.14, 35.36, 5.87513e-11
FILLER_0_13_161, 75.9, 35.36, 4.50926e-11
FILLER_0_13_217, 101.66, 35.36, 4.90485e-11
FILLER_0_13_273, 127.42, 35.36, 4.45195e-11
FILLER_0_13_329, 153.18, 35.36, 4.42739e-11
PHY_EDGE_ROW_9_Left_48, 2.76, 29.92, 1.35135e-10
PHY_EDGE_ROW_10_Left_49, 2.76, 29.92, 1.35135e-10
FILLER_0_10_77, 37.26, 29.92, 6.60478e-11
FILLER_0_10_133, 63.02, 29.92, 5.63052e-11
FILLER_0_10_189, 88.78, 29.92, 4.49475e-11
FILLER_0_10_245, 114.54, 29.92, 4.04978e-11
FILLER_0_10_301, 140.3, 29.92, 4.8951e-11
FILLER_0_11_51, 24.38, 29.92, 9.86507e-11
FILLER_0_11_105, 50.14, 29.92, 5.76144e-11
FILLER_0_11_161, 75.9, 29.92, 4.41284e-11
FILLER_0_11_217, 101.66, 29.92, 4.81565e-11
FILLER_0_11_273, 127.42, 29.92, 4.36536e-11
FILLER_0_11_329, 153.18, 29.92, 4.33808e-11
PHY_EDGE_ROW_7_Left_46, 2.76, 24.48, 1.3155e-10
PHY_EDGE_ROW_8_Left_47, 2.76, 24.48, 1.3155e-10
FILLER_0_8_77, 37.26, 24.48, 6.24627e-11
FILLER_0_8_133, 63.02, 24.48, 5.31532e-11
FILLER_0_8_189, 88.78, 24.48, 4.21978e-11
FILLER_0_8_245, 114.54, 24.48, 3.78988e-11
FILLER_0_8_301, 140.3, 24.48, 4.63131e-11
FILLER_0_9_51, 24.38, 24.48, 9.50656e-11
FILLER_0_9_105, 50.14, 24.48, 5.42016e-11
FILLER_0_9_161, 75.9, 24.48, 4.12371e-11
FILLER_0_9_217, 101.66, 24.48, 4.54821e-11
FILLER_0_9_273, 127.42, 24.48, 4.1057e-11
FILLER_0_9_329, 153.18, 24.48, 4.07015e-11
PHY_EDGE_ROW_5_Left_44, 2.76, 19.04, 1.25565e-10
PHY_EDGE_ROW_6_Left_45, 2.76, 19.04, 1.25565e-10
FILLER_0_6_77, 37.26, 19.04, 5.64778e-11
FILLER_0_6_133, 63.02, 19.04, 4.78984e-11
FILLER_0_6_189, 88.78, 19.04, 3.76203e-11
FILLER_0_6_245, 114.54, 19.04, 3.35721e-11
FILLER_0_6_301, 140.3, 19.04, 4.19184e-11
FILLER_0_7_51, 24.38, 19.04, 8.90807e-11
FILLER_0_7_105, 50.14, 19.04, 4.85071e-11
FILLER_0_7_161, 75.9, 19.04, 3.6422e-11
FILLER_0_7_217, 101.66, 19.04, 4.10301e-11
FILLER_0_7_273, 127.42, 19.04, 3.67331e-11
FILLER_0_7_329, 153.18, 19.04, 3.6236e-11
PHY_EDGE_ROW_3_Left_42, 2.76, 13.6, 1.33233e-10
PHY_EDGE_ROW_4_Left_43, 2.76, 13.6, 1.33233e-10
FILLER_0_4_77, 37.26, 13.6, 6.41463e-11
FILLER_0_4_133, 63.02, 13.6, 5.47676e-11
FILLER_0_4_189, 88.78, 13.6, 4.3707e-11
FILLER_0_4_245, 114.54, 13.6, 3.92563e-11
FILLER_0_4_301, 140.3, 13.6, 4.73927e-11
FILLER_0_5_51, 24.38, 13.6, 9.67492e-11
FILLER_0_5_105, 50.14, 13.6, 5.58576e-11
FILLER_0_5_161, 75.9, 13.6, 4.28099e-11
FILLER_0_5_217, 101.66, 13.6, 4.69155e-11
FILLER_0_5_273, 127.42, 13.6, 4.22902e-11
FILLER_0_5_329, 153.18, 13.6, 4.16276e-11
PHY_EDGE_ROW_1_Left_40, 2.76, 8.16, 1.38504e-10
PHY_EDGE_ROW_2_Left_41, 2.76, 8.16, 1.38504e-10
FILLER_0_2_77, 37.26, 8.16, 6.94169e-11
FILLER_0_2_133, 63.02, 8.16, 5.95359e-11
FILLER_0_2_189, 88.78, 8.16, 4.79677e-11
FILLER_0_2_245, 114.54, 8.16, 4.32146e-11
FILLER_0_2_301, 140.3, 8.16, 5.11082e-11
FILLER_0_3_51, 24.38, 8.16, 1.0202e-10
FILLER_0_3_105, 50.14, 8.16, 6.09284e-11
FILLER_0_3_161, 75.9, 8.16, 4.72758e-11
FILLER_0_3_217, 101.66, 8.16, 5.1025e-11
FILLER_0_3_273, 127.42, 8.16, 4.61202e-11
FILLER_0_3_329, 153.18, 8.16, 4.52286e-11
PHY_EDGE_ROW_0_Left_39, 2.76, 2.72, 1.27065e-10
FILLER_0_0_53, 24.38, 2.72, 1.08823e-10
FILLER_0_1_51, 24.38, 2.72, 1.08823e-10
FILLER_0_0_109, 50.14, 2.72, 7.7806e-11
FILLER_0_1_105, 50.14, 2.72, 7.7806e-11
FILLER_0_0_137, 63.02, 2.72, 7.52128e-11
FILLER_0_1_161, 75.9, 2.72, 6.17519e-11
FILLER_0_0_193, 88.78, 2.72, 6.38354e-11
FILLER_0_0_221, 101.66, 2.72, 6.97245e-11
FILLER_0_1_217, 101.66, 2.72, 6.97245e-11
FILLER_0_0_277, 127.42, 2.72, 6.04669e-11
FILLER_0_1_273, 127.42, 2.72, 6.04669e-11
FILLER_0_0_305, 140.3, 2.72, 5.87808e-11
FILLER_0_1_329, 153.18, 2.72, 4.62272e-11

