
===========================================================================
report_checks -path_delay max (Setup)
============================================================================
======================= Typical Corner ===================================

Startpoint: ui_in[1] (input port clocked by clk)
Endpoint: uo_out[0] (output port clocked by clk)
Path Group: clk
Path Type: max

Fanout     Cap    Slew   Delay    Time   Description
-----------------------------------------------------------------------------
                  0.15    0.00    0.00   clock clk (rise edge)
                          0.00    0.00   clock network delay (ideal)
                          4.00    4.00 ^ input external delay
     1    0.01    0.03    0.02    4.02 ^ ui_in[1] (in)
                                         ui_in[1] (net)
                  0.03    0.00    4.02 ^ input2/A (sky130_fd_sc_hd__clkbuf_1)
     1    0.00    0.05    0.08    4.10 ^ input2/X (sky130_fd_sc_hd__clkbuf_1)
                                         net2 (net)
                  0.05    0.00    4.10 ^ _01_/A (sky130_fd_sc_hd__and2_1)
     1    0.00    0.05    0.12    4.22 ^ _01_/X (sky130_fd_sc_hd__and2_1)
                                         _00_ (net)
                  0.05    0.00    4.22 ^ _02_/A (sky130_fd_sc_hd__clkbuf_4)
     1    0.03    0.11    0.19    4.42 ^ _02_/X (sky130_fd_sc_hd__clkbuf_4)
                                         uo_out[0] (net)
                  0.11    0.00    4.42 ^ uo_out[0] (out)
                                  4.42   data arrival time

                  0.15   20.00   20.00   clock clk (rise edge)
                          0.00   20.00   clock network delay (ideal)
                         -0.25   19.75   clock uncertainty
                          0.00   19.75   clock reconvergence pessimism
                         -4.00   15.75   output external delay
                                 15.75   data required time
-----------------------------------------------------------------------------
                                 15.75   data required time
                                 -4.42   data arrival time
-----------------------------------------------------------------------------
                                 11.33   slack (MET)



worst slack corner Typical: 11.3346
