
===========================================================================
report_checks -path_delay min (Hold)
============================================================================
======================= Typical Corner ===================================

Startpoint: ui_in[0] (input port clocked by clk)
Endpoint: uo_out[0] (output port clocked by clk)
Path Group: clk
Path Type: min

Fanout     Cap    Slew   Delay    Time   Description
-----------------------------------------------------------------------------
                  0.15    0.00    0.00   clock clk (rise edge)
                          0.00    0.00   clock network delay (ideal)
                          4.00    4.00 ^ input external delay
     1    0.00    0.02    0.01    4.01 ^ ui_in[0] (in)
                                         ui_in[0] (net)
                  0.02    0.00    4.01 ^ input1/A (sky130_fd_sc_hd__clkbuf_1)
     1    0.00    0.04    0.07    4.08 ^ input1/X (sky130_fd_sc_hd__clkbuf_1)
                                         net1 (net)
                  0.04    0.00    4.08 ^ _01_/B (sky130_fd_sc_hd__and2_1)
     1    0.00    0.05    0.11    4.19 ^ _01_/X (sky130_fd_sc_hd__and2_1)
                                         _00_ (net)
                  0.05    0.00    4.19 ^ _02_/A (sky130_fd_sc_hd__clkbuf_4)
     1    0.03    0.11    0.18    4.36 ^ _02_/X (sky130_fd_sc_hd__clkbuf_4)
                                         uo_out[0] (net)
                  0.11    0.00    4.36 ^ uo_out[0] (out)
                                  4.36   data arrival time

                  0.15    0.00    0.00   clock clk (rise edge)
                          0.00    0.00   clock network delay (ideal)
                          0.25    0.25   clock uncertainty
                          0.00    0.25   clock reconvergence pessimism
                         -4.00   -3.75   output external delay
                                 -3.75   data required time
-----------------------------------------------------------------------------
                                 -3.75   data required time
                                 -4.36   data arrival time
-----------------------------------------------------------------------------
                                  8.11   slack (MET)



worst slack corner Typical: 8.1140
