OpenROAD 6f9b2bb8b808b1bb5831d4525d868212ae50517a 
This program is licensed under the BSD-3 license. See the LICENSE file for details.
Components of this program may be licensed under more restrictive licenses which must be honored.
[INFO ODB-0222] Reading LEF file: /work/runs/wokwi/tmp/merged.max.lef
[INFO ODB-0223]     Created 13 technology layers
[INFO ODB-0224]     Created 25 technology vias
[INFO ODB-0225]     Created 442 library cells
[INFO ODB-0226] Finished LEF file:  /work/runs/wokwi/tmp/merged.max.lef
[INFO ODB-0127] Reading DEF file: /work/runs/wokwi/results/routing/tt_um_example.def
[INFO ODB-0128] Design: tt_um_example
[INFO ODB-0130]     Created 45 pins.
[INFO ODB-0131]     Created 1736 components and 6549 component-terminals.
[INFO ODB-0132]     Created 2 special nets and 6494 connections.
[INFO ODB-0133]     Created 46 nets and 32 connections.
[INFO ODB-0134] Finished DEF file: /work/runs/wokwi/results/routing/tt_um_example.def
define_corners Typical
read_liberty -corner Typical /opt/tt/pdk/sky130A/libs.ref/sky130_fd_sc_hd/lib/sky130_fd_sc_hd__tt_025C_1v80.lib
Using 1e-12 for capacitance...
Using 1e+03 for resistance...
Using 1e-09 for time...
Using 1e+00 for voltage...
Using 1e-03 for current...
Using 1e-09 for power...
Using 1e-06 for distance...
Using RCX ruleset '/opt/tt/pdk/sky130A/libs.tech/openlane/rules.openrcx.sky130A.max.calibre'...
[INFO RCX-0431] Defined process_corner X with ext_model_index 0
[INFO RCX-0029] Defined extraction corner X
[INFO RCX-0008] extracting parasitics of tt_um_example ...
[INFO RCX-0435] Reading extraction model file /opt/tt/pdk/sky130A/libs.tech/openlane/rules.openrcx.sky130A.max.calibre ...
[INFO RCX-0436] RC segment generation tt_um_example (max_merge_res 50.0) ...
[INFO RCX-0040] Final 60 rc segments
[INFO RCX-0439] Coupling Cap extraction tt_um_example ...
[INFO RCX-0440] Coupling threshhold is 0.1000 fF, coupling capacitance less than 0.1000 fF will be grounded.
[INFO RCX-0043] 457 wires to be extracted
[INFO RCX-0442] 85% completion -- 392 wires have been extracted
[INFO RCX-0442] 100% completion -- 457 wires have been extracted
[INFO RCX-0045] Extract 46 nets, 89 rsegs, 89 caps, 53 ccs
[INFO RCX-0015] Finished extracting tt_um_example.
Writing result to /work/runs/wokwi/results/routing/mca/process_corner_max/tt_um_example.spef...
Setting global connections for newly added cells…
[WARNING] Did not save OpenROAD database!
Writing extracted parasitics to '/work/runs/wokwi/results/routing/mca/process_corner_max/tt_um_example.spef'…
[INFO RCX-0016] Writing SPEF ...
[INFO RCX-0443] 46 nets finished
[INFO RCX-0017] Finished writing SPEF ...
