OpenROAD 6f9b2bb8b808b1bb5831d4525d868212ae50517a 
This program is licensed under the BSD-3 license. See the LICENSE file for details.
Components of this program may be licensed under more restrictive licenses which must be honored.
[INFO ODB-0222] Reading LEF file: /work/runs/wokwi/tmp/merged.nom.lef
[INFO ODB-0223]     Created 13 technology layers
[INFO ODB-0224]     Created 25 technology vias
[INFO ODB-0225]     Created 442 library cells
[INFO ODB-0226] Finished LEF file:  /work/runs/wokwi/tmp/merged.nom.lef
[INFO ODB-0127] Reading DEF file: /work/runs/wokwi/results/routing/tt_um_example.def
[INFO ODB-0128] Design: tt_um_example
[INFO ODB-0130]     Created 45 pins.
[INFO ODB-0131]     Created 1736 components and 6549 component-terminals.
[INFO ODB-0132]     Created 2 special nets and 6494 connections.
[INFO ODB-0133]     Created 46 nets and 32 connections.
[INFO ODB-0134] Finished DEF file: /work/runs/wokwi/results/routing/tt_um_example.def
Top-level design name: tt_um_example
Found default power net 'VPWR'
Found default ground net 'VGND'
Found 1 power ports.
Found 1 ground ports.
Modified power connections of 1736/1736 cells.
