
Cell sky130_ef_sc_hd__decap_12 (0) disconnected node: VGND
Cell sky130_ef_sc_hd__decap_12 (0) disconnected node: VPWR
Cell sky130_ef_sc_hd__decap_12 (0) disconnected node: VPB
Cell sky130_ef_sc_hd__decap_12 (0) disconnected node: VNB
Warning: Equate pins:  cell sky130_ef_sc_hd__decap_12 is a placeholder, treated as a black box.

Subcircuit pins:
Circuit 1: sky130_ef_sc_hd__decap_12       |Circuit 2: sky130_ef_sc_hd__decap_12       
-------------------------------------------|-------------------------------------------
VGND                                       |VGND                                       
VPWR                                       |VPWR                                       
VPB                                        |VPB                                        
VNB                                        |VNB                                        
---------------------------------------------------------------------------------------
Cell pin lists are equivalent.
Device classes sky130_ef_sc_hd__decap_12 and sky130_ef_sc_hd__decap_12 are equivalent.

Cell sky130_fd_sc_hd__tapvpwrvgnd_1 (0) disconnected node: VGND
Cell sky130_fd_sc_hd__tapvpwrvgnd_1 (0) disconnected node: VPWR
Warning: Equate pins:  cell sky130_fd_sc_hd__tapvpwrvgnd_1 is a placeholder, treated as a black box.

Subcircuit pins:
Circuit 1: sky130_fd_sc_hd__tapvpwrvgnd_1  |Circuit 2: sky130_fd_sc_hd__tapvpwrvgnd_1  
-------------------------------------------|-------------------------------------------
VGND                                       |VGND                                       
VPWR                                       |VPWR                                       
---------------------------------------------------------------------------------------
Cell pin lists are equivalent.
Device classes sky130_fd_sc_hd__tapvpwrvgnd_1 and sky130_fd_sc_hd__tapvpwrvgnd_1 are equivalent.

Cell sky130_fd_sc_hd__decap_4 (0) disconnected node: VGND
Cell sky130_fd_sc_hd__decap_4 (0) disconnected node: VNB
Cell sky130_fd_sc_hd__decap_4 (0) disconnected node: VPB
Cell sky130_fd_sc_hd__decap_4 (0) disconnected node: VPWR
Warning: Equate pins:  cell sky130_fd_sc_hd__decap_4 is a placeholder, treated as a black box.

Subcircuit pins:
Circuit 1: sky130_fd_sc_hd__decap_4        |Circuit 2: sky130_fd_sc_hd__decap_4        
-------------------------------------------|-------------------------------------------
VGND                                       |VGND                                       
VNB                                        |VNB                                        
VPB                                        |VPB                                        
VPWR                                       |VPWR                                       
---------------------------------------------------------------------------------------
Cell pin lists are equivalent.
Device classes sky130_fd_sc_hd__decap_4 and sky130_fd_sc_hd__decap_4 are equivalent.

Cell sky130_fd_sc_hd__decap_6 (0) disconnected node: VGND
Cell sky130_fd_sc_hd__decap_6 (0) disconnected node: VNB
Cell sky130_fd_sc_hd__decap_6 (0) disconnected node: VPB
Cell sky130_fd_sc_hd__decap_6 (0) disconnected node: VPWR
Warning: Equate pins:  cell sky130_fd_sc_hd__decap_6 is a placeholder, treated as a black box.

Subcircuit pins:
Circuit 1: sky130_fd_sc_hd__decap_6        |Circuit 2: sky130_fd_sc_hd__decap_6        
-------------------------------------------|-------------------------------------------
VGND                                       |VGND                                       
VNB                                        |VNB                                        
VPB                                        |VPB                                        
VPWR                                       |VPWR                                       
---------------------------------------------------------------------------------------
Cell pin lists are equivalent.
Device classes sky130_fd_sc_hd__decap_6 and sky130_fd_sc_hd__decap_6 are equivalent.

Cell sky130_fd_sc_hd__fill_1 (0) disconnected node: VGND
Cell sky130_fd_sc_hd__fill_1 (0) disconnected node: VNB
Cell sky130_fd_sc_hd__fill_1 (0) disconnected node: VPB
Cell sky130_fd_sc_hd__fill_1 (0) disconnected node: VPWR
Warning: Equate pins:  cell sky130_fd_sc_hd__fill_1 is a placeholder, treated as a black box.

Subcircuit pins:
Circuit 1: sky130_fd_sc_hd__fill_1         |Circuit 2: sky130_fd_sc_hd__fill_1         
-------------------------------------------|-------------------------------------------
VGND                                       |VGND                                       
VNB                                        |VNB                                        
VPB                                        |VPB                                        
VPWR                                       |VPWR                                       
---------------------------------------------------------------------------------------
Cell pin lists are equivalent.
Device classes sky130_fd_sc_hd__fill_1 and sky130_fd_sc_hd__fill_1 are equivalent.

Cell sky130_fd_sc_hd__decap_3 (0) disconnected node: VGND
Cell sky130_fd_sc_hd__decap_3 (0) disconnected node: VNB
Cell sky130_fd_sc_hd__decap_3 (0) disconnected node: VPB
Cell sky130_fd_sc_hd__decap_3 (0) disconnected node: VPWR
Warning: Equate pins:  cell sky130_fd_sc_hd__decap_3 is a placeholder, treated as a black box.

Subcircuit pins:
Circuit 1: sky130_fd_sc_hd__decap_3        |Circuit 2: sky130_fd_sc_hd__decap_3        
-------------------------------------------|-------------------------------------------
VGND                                       |VGND                                       
VNB                                        |VNB                                        
VPB                                        |VPB                                        
VPWR                                       |VPWR                                       
---------------------------------------------------------------------------------------
Cell pin lists are equivalent.
Device classes sky130_fd_sc_hd__decap_3 and sky130_fd_sc_hd__decap_3 are equivalent.

Cell sky130_fd_sc_hd__fill_2 (0) disconnected node: VGND
Cell sky130_fd_sc_hd__fill_2 (0) disconnected node: VNB
Cell sky130_fd_sc_hd__fill_2 (0) disconnected node: VPB
Cell sky130_fd_sc_hd__fill_2 (0) disconnected node: VPWR
Warning: Equate pins:  cell sky130_fd_sc_hd__fill_2 is a placeholder, treated as a black box.

Subcircuit pins:
Circuit 1: sky130_fd_sc_hd__fill_2         |Circuit 2: sky130_fd_sc_hd__fill_2         
-------------------------------------------|-------------------------------------------
VGND                                       |VGND                                       
VNB                                        |VNB                                        
VPB                                        |VPB                                        
VPWR                                       |VPWR                                       
---------------------------------------------------------------------------------------
Cell pin lists are equivalent.
Device classes sky130_fd_sc_hd__fill_2 and sky130_fd_sc_hd__fill_2 are equivalent.

Cell sky130_fd_sc_hd__clkbuf_1 (0) disconnected node: A
Cell sky130_fd_sc_hd__clkbuf_1 (0) disconnected node: VGND
Cell sky130_fd_sc_hd__clkbuf_1 (0) disconnected node: VNB
Cell sky130_fd_sc_hd__clkbuf_1 (0) disconnected node: VPB
Cell sky130_fd_sc_hd__clkbuf_1 (0) disconnected node: VPWR
Cell sky130_fd_sc_hd__clkbuf_1 (0) disconnected node: X
Warning: Equate pins:  cell sky130_fd_sc_hd__clkbuf_1 is a placeholder, treated as a black box.

Subcircuit pins:
Circuit 1: sky130_fd_sc_hd__clkbuf_1       |Circuit 2: sky130_fd_sc_hd__clkbuf_1       
-------------------------------------------|-------------------------------------------
A                                          |A                                          
VGND                                       |VGND                                       
VNB                                        |VNB                                        
VPB                                        |VPB                                        
VPWR                                       |VPWR                                       
X                                          |X                                          
---------------------------------------------------------------------------------------
Cell pin lists are equivalent.
Device classes sky130_fd_sc_hd__clkbuf_1 and sky130_fd_sc_hd__clkbuf_1 are equivalent.

Cell sky130_fd_sc_hd__clkbuf_4 (0) disconnected node: A
Cell sky130_fd_sc_hd__clkbuf_4 (0) disconnected node: VGND
Cell sky130_fd_sc_hd__clkbuf_4 (0) disconnected node: VNB
Cell sky130_fd_sc_hd__clkbuf_4 (0) disconnected node: VPB
Cell sky130_fd_sc_hd__clkbuf_4 (0) disconnected node: VPWR
Cell sky130_fd_sc_hd__clkbuf_4 (0) disconnected node: X
Warning: Equate pins:  cell sky130_fd_sc_hd__clkbuf_4 is a placeholder, treated as a black box.

Subcircuit pins:
Circuit 1: sky130_fd_sc_hd__clkbuf_4       |Circuit 2: sky130_fd_sc_hd__clkbuf_4       
-------------------------------------------|-------------------------------------------
A                                          |A                                          
VGND                                       |VGND                                       
VNB                                        |VNB                                        
VPB                                        |VPB                                        
VPWR                                       |VPWR                                       
X                                          |X                                          
---------------------------------------------------------------------------------------
Cell pin lists are equivalent.
Device classes sky130_fd_sc_hd__clkbuf_4 and sky130_fd_sc_hd__clkbuf_4 are equivalent.

Cell sky130_fd_sc_hd__conb_1 (0) disconnected node: VGND
Cell sky130_fd_sc_hd__conb_1 (0) disconnected node: VNB
Cell sky130_fd_sc_hd__conb_1 (0) disconnected node: VPB
Cell sky130_fd_sc_hd__conb_1 (0) disconnected node: VPWR
Cell sky130_fd_sc_hd__conb_1 (0) disconnected node: HI
Cell sky130_fd_sc_hd__conb_1 (0) disconnected node: LO
Warning: Equate pins:  cell sky130_fd_sc_hd__conb_1 is a placeholder, treated as a black box.

Subcircuit pins:
Circuit 1: sky130_fd_sc_hd__conb_1         |Circuit 2: sky130_fd_sc_hd__conb_1         
-------------------------------------------|-------------------------------------------
VGND                                       |VGND                                       
VNB                                        |VNB                                        
VPB                                        |VPB                                        
VPWR                                       |VPWR                                       
LO                                         |LO                                         
HI                                         |(no matching pin)                          
---------------------------------------------------------------------------------------
Cell pin lists are equivalent.
Device classes sky130_fd_sc_hd__conb_1 and sky130_fd_sc_hd__conb_1 are equivalent.

Cell sky130_fd_sc_hd__and2_1 (0) disconnected node: A
Cell sky130_fd_sc_hd__and2_1 (0) disconnected node: B
Cell sky130_fd_sc_hd__and2_1 (0) disconnected node: VGND
Cell sky130_fd_sc_hd__and2_1 (0) disconnected node: VNB
Cell sky130_fd_sc_hd__and2_1 (0) disconnected node: VPB
Cell sky130_fd_sc_hd__and2_1 (0) disconnected node: VPWR
Cell sky130_fd_sc_hd__and2_1 (0) disconnected node: X
Warning: Equate pins:  cell sky130_fd_sc_hd__and2_1 is a placeholder, treated as a black box.

Subcircuit pins:
Circuit 1: sky130_fd_sc_hd__and2_1         |Circuit 2: sky130_fd_sc_hd__and2_1         
-------------------------------------------|-------------------------------------------
A                                          |A                                          
B                                          |B                                          
VGND                                       |VGND                                       
VNB                                        |VNB                                        
VPB                                        |VPB                                        
VPWR                                       |VPWR                                       
X                                          |X                                          
---------------------------------------------------------------------------------------
Cell pin lists are equivalent.
Device classes sky130_fd_sc_hd__and2_1 and sky130_fd_sc_hd__and2_1 are equivalent.

Cell tt_um_example (0) disconnected node: clk
Cell tt_um_example (0) disconnected node: ena
Cell tt_um_example (0) disconnected node: rst_n
Cell tt_um_example (0) disconnected node: ui_in[2]
Cell tt_um_example (0) disconnected node: ui_in[3]
Cell tt_um_example (0) disconnected node: ui_in[4]
Cell tt_um_example (0) disconnected node: ui_in[5]
Cell tt_um_example (0) disconnected node: ui_in[6]
Cell tt_um_example (0) disconnected node: ui_in[7]
Cell tt_um_example (0) disconnected node: uio_in[0]
Cell tt_um_example (0) disconnected node: uio_in[1]
Cell tt_um_example (0) disconnected node: uio_in[2]
Cell tt_um_example (0) disconnected node: uio_in[3]
Cell tt_um_example (0) disconnected node: uio_in[4]
Cell tt_um_example (0) disconnected node: uio_in[5]
Cell tt_um_example (0) disconnected node: uio_in[6]
Cell tt_um_example (0) disconnected node: uio_in[7]
Cell tt_um_example (1) disconnected node: clk
Cell tt_um_example (1) disconnected node: ena
Cell tt_um_example (1) disconnected node: rst_n
Cell tt_um_example (1) disconnected node: ui_in[7]
Cell tt_um_example (1) disconnected node: ui_in[6]
Cell tt_um_example (1) disconnected node: ui_in[5]
Cell tt_um_example (1) disconnected node: ui_in[4]
Cell tt_um_example (1) disconnected node: ui_in[3]
Cell tt_um_example (1) disconnected node: ui_in[2]
Cell tt_um_example (1) disconnected node: uio_in[7]
Cell tt_um_example (1) disconnected node: uio_in[6]
Cell tt_um_example (1) disconnected node: uio_in[5]
Cell tt_um_example (1) disconnected node: uio_in[4]
Cell tt_um_example (1) disconnected node: uio_in[3]
Cell tt_um_example (1) disconnected node: uio_in[2]
Cell tt_um_example (1) disconnected node: uio_in[1]
Cell tt_um_example (1) disconnected node: uio_in[0]
Class tt_um_example (0):  Merged 1702 parallel devices.
Class tt_um_example (1):  Merged 1702 parallel devices.
Cell tt_um_example (0) disconnected node: clk
Cell tt_um_example (0) disconnected node: ena
Cell tt_um_example (0) disconnected node: rst_n
Cell tt_um_example (0) disconnected node: ui_in[2]
Cell tt_um_example (0) disconnected node: ui_in[3]
Cell tt_um_example (0) disconnected node: ui_in[4]
Cell tt_um_example (0) disconnected node: ui_in[5]
Cell tt_um_example (0) disconnected node: ui_in[6]
Cell tt_um_example (0) disconnected node: ui_in[7]
Cell tt_um_example (0) disconnected node: uio_in[0]
Cell tt_um_example (0) disconnected node: uio_in[1]
Cell tt_um_example (0) disconnected node: uio_in[2]
Cell tt_um_example (0) disconnected node: uio_in[3]
Cell tt_um_example (0) disconnected node: uio_in[4]
Cell tt_um_example (0) disconnected node: uio_in[5]
Cell tt_um_example (0) disconnected node: uio_in[6]
Cell tt_um_example (0) disconnected node: uio_in[7]
Cell tt_um_example (1) disconnected node: clk
Cell tt_um_example (1) disconnected node: ena
Cell tt_um_example (1) disconnected node: rst_n
Cell tt_um_example (1) disconnected node: ui_in[7]
Cell tt_um_example (1) disconnected node: ui_in[6]
Cell tt_um_example (1) disconnected node: ui_in[5]
Cell tt_um_example (1) disconnected node: ui_in[4]
Cell tt_um_example (1) disconnected node: ui_in[3]
Cell tt_um_example (1) disconnected node: ui_in[2]
Cell tt_um_example (1) disconnected node: uio_in[7]
Cell tt_um_example (1) disconnected node: uio_in[6]
Cell tt_um_example (1) disconnected node: uio_in[5]
Cell tt_um_example (1) disconnected node: uio_in[4]
Cell tt_um_example (1) disconnected node: uio_in[3]
Cell tt_um_example (1) disconnected node: uio_in[2]
Cell tt_um_example (1) disconnected node: uio_in[1]
Cell tt_um_example (1) disconnected node: uio_in[0]
Subcircuit summary:
Circuit 1: tt_um_example                   |Circuit 2: tt_um_example                   
-------------------------------------------|-------------------------------------------
sky130_ef_sc_hd__decap_12 (920->1)         |sky130_ef_sc_hd__decap_12 (920->1)         
sky130_fd_sc_hd__tapvpwrvgnd_1 (225->1)    |sky130_fd_sc_hd__tapvpwrvgnd_1 (225->1)    
sky130_fd_sc_hd__decap_4 (34->1)           |sky130_fd_sc_hd__decap_4 (34->1)           
sky130_fd_sc_hd__decap_6 (190->1)          |sky130_fd_sc_hd__decap_6 (190->1)          
sky130_fd_sc_hd__fill_1 (219->1)           |sky130_fd_sc_hd__fill_1 (219->1)           
sky130_fd_sc_hd__decap_3 (94->1)           |sky130_fd_sc_hd__decap_3 (94->1)           
sky130_fd_sc_hd__fill_2 (27->1)            |sky130_fd_sc_hd__fill_2 (27->1)            
sky130_fd_sc_hd__clkbuf_1 (2)              |sky130_fd_sc_hd__clkbuf_1 (2)              
sky130_fd_sc_hd__clkbuf_4 (1)              |sky130_fd_sc_hd__clkbuf_4 (1)              
sky130_fd_sc_hd__conb_1 (23)               |sky130_fd_sc_hd__conb_1 (23)               
sky130_fd_sc_hd__and2_1 (1)                |sky130_fd_sc_hd__and2_1 (1)                
Number of devices: 34                      |Number of devices: 34                      
Number of nets: 54                         |Number of nets: 54                         
---------------------------------------------------------------------------------------
Resolving symmetries by property value.
Resolving symmetries by pin name.
Netlists match uniquely.

Subcircuit pins:
Circuit 1: tt_um_example                   |Circuit 2: tt_um_example                   
-------------------------------------------|-------------------------------------------
uo_out[0]                                  |uo_out[0]                                  
ui_in[1]                                   |ui_in[1]                                   
ui_in[0]                                   |ui_in[0]                                   
uio_out[6]                                 |uio_out[6]                                 
uio_out[7]                                 |uio_out[7]                                 
uo_out[1]                                  |uo_out[1]                                  
uo_out[2]                                  |uo_out[2]                                  
uo_out[3]                                  |uo_out[3]                                  
uo_out[4]                                  |uo_out[4]                                  
uo_out[5]                                  |uo_out[5]                                  
uo_out[6]                                  |uo_out[6]                                  
uo_out[7]                                  |uo_out[7]                                  
uio_oe[0]                                  |uio_oe[0]                                  
uio_oe[1]                                  |uio_oe[1]                                  
uio_oe[2]                                  |uio_oe[2]                                  
uio_oe[3]                                  |uio_oe[3]                                  
uio_oe[4]                                  |uio_oe[4]                                  
uio_oe[5]                                  |uio_oe[5]                                  
uio_oe[6]                                  |uio_oe[6]                                  
uio_oe[7]                                  |uio_oe[7]                                  
uio_out[0]                                 |uio_out[0]                                 
uio_out[1]                                 |uio_out[1]                                 
uio_out[2]                                 |uio_out[2]                                 
uio_out[3]                                 |uio_out[3]                                 
uio_out[4]                                 |uio_out[4]                                 
uio_out[5]                                 |uio_out[5]                                 
VGND                                       |VGND                                       
VPWR                                       |VPWR                                       
clk                                        |clk                                        
ena                                        |ena                                        
rst_n                                      |rst_n                                      
ui_in[2]                                   |ui_in[2]                                   
ui_in[3]                                   |ui_in[3]                                   
ui_in[4]                                   |ui_in[4]                                   
ui_in[5]                                   |ui_in[5]                                   
ui_in[6]                                   |ui_in[6]                                   
ui_in[7]                                   |ui_in[7]                                   
uio_in[0]                                  |uio_in[0]                                  
uio_in[1]                                  |uio_in[1]                                  
uio_in[2]                                  |uio_in[2]                                  
uio_in[3]                                  |uio_in[3]                                  
uio_in[4]                                  |uio_in[4]                                  
uio_in[5]                                  |uio_in[5]                                  
uio_in[6]                                  |uio_in[6]                                  
uio_in[7]                                  |uio_in[7]                                  
---------------------------------------------------------------------------------------
Cell pin lists are equivalent.
Device classes tt_um_example and tt_um_example are equivalent.

Final result: Circuits match uniquely.
.
