
===========================================================================
report_checks -path_delay max (Setup)
============================================================================
======================= Typical Corner ===================================

Startpoint: ui_in[0] (input port clocked by clk)
Endpoint: uo_out[0] (output port clocked by clk)
Path Group: clk
Path Type: max

Fanout     Cap    Slew   Delay    Time   Description
-----------------------------------------------------------------------------
                  0.15    0.00    0.00   clock clk (rise edge)
                          0.00    0.00   clock network delay (ideal)
                          4.00    4.00 v input external delay
     1    0.00    0.01    0.00    4.00 v ui_in[0] (in)
                                         ui_in[0] (net)
                  0.01    0.00    4.00 v input1/A (sky130_fd_sc_hd__clkbuf_1)
     1    0.00    0.02    0.07    4.08 v input1/X (sky130_fd_sc_hd__clkbuf_1)
                                         net1 (net)
                  0.02    0.00    4.08 v _01_/B (sky130_fd_sc_hd__and2_1)
     1    0.00    0.03    0.15    4.22 v _01_/X (sky130_fd_sc_hd__and2_1)
                                         _00_ (net)
                  0.03    0.00    4.22 v _02_/A (sky130_fd_sc_hd__clkbuf_4)
     1    0.04    0.08    0.19    4.41 v _02_/X (sky130_fd_sc_hd__clkbuf_4)
                                         uo_out[0] (net)
                  0.08    0.00    4.41 v uo_out[0] (out)
                                  4.41   data arrival time

                  0.15   20.00   20.00   clock clk (rise edge)
                          0.00   20.00   clock network delay (ideal)
                         -0.25   19.75   clock uncertainty
                          0.00   19.75   clock reconvergence pessimism
                         -4.00   15.75   output external delay
                                 15.75   data required time
-----------------------------------------------------------------------------
                                 15.75   data required time
                                 -4.41   data arrival time
-----------------------------------------------------------------------------
                                 11.34   slack (MET)



worst slack corner Typical: 11.3359
