
===========================================================================
report_checks -path_delay min (Hold)
============================================================================
======================= Typical Corner ===================================

Startpoint: ui_in[1] (input port clocked by clk)
Endpoint: uo_out[0] (output port clocked by clk)
Path Group: clk
Path Type: min

Fanout     Cap    Slew   Delay    Time   Description
-----------------------------------------------------------------------------
                  0.15    0.00    0.00   clock clk (rise edge)
                          0.00    0.00   clock network delay (ideal)
                          4.00    4.00 ^ input external delay
     1    0.00    0.02    0.01    4.01 ^ ui_in[1] (in)
                                         ui_in[1] (net)
                  0.02    0.00    4.01 ^ input2/A (sky130_fd_sc_hd__clkbuf_1)
     1    0.00    0.04    0.06    4.07 ^ input2/X (sky130_fd_sc_hd__clkbuf_1)
                                         net2 (net)
                  0.04    0.00    4.07 ^ _01_/A (sky130_fd_sc_hd__and2_1)
     1    0.00    0.05    0.10    4.17 ^ _01_/X (sky130_fd_sc_hd__and2_1)
                                         _00_ (net)
                  0.05    0.00    4.17 ^ _02_/A (sky130_fd_sc_hd__clkbuf_4)
     1    0.04    0.12    0.18    4.35 ^ _02_/X (sky130_fd_sc_hd__clkbuf_4)
                                         uo_out[0] (net)
                  0.12    0.00    4.35 ^ uo_out[0] (out)
                                  4.35   data arrival time

                  0.15    0.00    0.00   clock clk (rise edge)
                          0.00    0.00   clock network delay (ideal)
                          0.25    0.25   clock uncertainty
                          0.00    0.25   clock reconvergence pessimism
                         -4.00   -3.75   output external delay
                                 -3.75   data required time
-----------------------------------------------------------------------------
                                 -3.75   data required time
                                 -4.35   data arrival time
-----------------------------------------------------------------------------
                                  8.10   slack (MET)



worst slack corner Typical: 8.1045
